<?xml version="1.0" encoding="UTF-8"?>
<testsuite name="com.example.gccoffee.Controller.ProductControllerTest" tests="2" skipped="0" failures="0" errors="0" timestamp="2022-10-09T08:36:25" hostname="igyeong-wons-MacBook-Pro.local" time="0.035">
  <properties/>
  <testcase name="전체상품조회" classname="com.example.gccoffee.Controller.ProductControllerTest" time="0.023"/>
  <testcase name="카테고리 조회 테스트" classname="com.example.gccoffee.Controller.ProductControllerTest" time="0.011"/>
  <system-out><![CDATA[2022-10-09 17:36:25.086  INFO 38614 --- [    Test worker] .b.t.c.SpringBootTestContextBootstrapper : Neither @ContextConfiguration nor @ContextHierarchy found for test class [com.example.gccoffee.Controller.ProductControllerTest], using SpringBootContextLoader
2022-10-09 17:36:25.087  INFO 38614 --- [    Test worker] o.s.t.c.support.AbstractContextLoader    : Could not detect default resource locations for test class [com.example.gccoffee.Controller.ProductControllerTest]: no resource found for suffixes {-context.xml, Context.groovy}.
2022-10-09 17:36:25.087  INFO 38614 --- [    Test worker] t.c.s.AnnotationConfigContextLoaderUtils : Could not detect default configuration classes for test class [com.example.gccoffee.Controller.ProductControllerTest]: ProductControllerTest does not declare any static, non-private, non-final, nested classes annotated with @Configuration.
2022-10-09 17:36:25.089  INFO 38614 --- [    Test worker] .b.t.c.SpringBootTestContextBootstrapper : Found @SpringBootConfiguration com.example.gccoffee.GcCoffeeApplication for test class com.example.gccoffee.Controller.ProductControllerTest
2022-10-09 17:36:25.089  INFO 38614 --- [    Test worker] .b.t.c.SpringBootTestContextBootstrapper : Loaded default TestExecutionListener class names from location [META-INF/spring.factories]: [org.springframework.boot.test.autoconfigure.restdocs.RestDocsTestExecutionListener, org.springframework.boot.test.autoconfigure.web.client.MockRestServiceServerResetTestExecutionListener, org.springframework.boot.test.autoconfigure.web.servlet.MockMvcPrintOnlyOnFailureTestExecutionListener, org.springframework.boot.test.autoconfigure.web.servlet.WebDriverTestExecutionListener, org.springframework.boot.test.autoconfigure.webservices.client.MockWebServiceServerTestExecutionListener, org.springframework.boot.test.mock.mockito.MockitoTestExecutionListener, org.springframework.boot.test.mock.mockito.ResetMocksTestExecutionListener, org.springframework.test.context.web.ServletTestExecutionListener, org.springframework.test.context.support.DirtiesContextBeforeModesTestExecutionListener, org.springframework.test.context.event.ApplicationEventsTestExecutionListener, org.springframework.test.context.support.DependencyInjectionTestExecutionListener, org.springframework.test.context.support.DirtiesContextTestExecutionListener, org.springframework.test.context.transaction.TransactionalTestExecutionListener, org.springframework.test.context.jdbc.SqlScriptsTestExecutionListener, org.springframework.test.context.event.EventPublishingTestExecutionListener]
2022-10-09 17:36:25.089  INFO 38614 --- [    Test worker] .b.t.c.SpringBootTestContextBootstrapper : Using TestExecutionListeners: [org.springframework.test.context.web.ServletTestExecutionListener@7d2d7a85, org.springframework.test.context.support.DirtiesContextBeforeModesTestExecutionListener@5cb3c9e6, org.springframework.test.context.event.ApplicationEventsTestExecutionListener@55fbebba, org.springframework.boot.test.mock.mockito.MockitoTestExecutionListener@2c855eb7, org.springframework.boot.test.autoconfigure.SpringBootDependencyInjectionTestExecutionListener@3a6ae0f0, org.springframework.test.context.support.DirtiesContextTestExecutionListener@7854f2a2, org.springframework.test.context.transaction.TransactionalTestExecutionListener@72f86029, org.springframework.test.context.jdbc.SqlScriptsTestExecutionListener@740ef827, org.springframework.test.context.event.EventPublishingTestExecutionListener@198eeb36, org.springframework.boot.test.autoconfigure.restdocs.RestDocsTestExecutionListener@4690cb47, org.springframework.boot.test.autoconfigure.web.client.MockRestServiceServerResetTestExecutionListener@77d80294, org.springframework.boot.test.autoconfigure.web.servlet.MockMvcPrintOnlyOnFailureTestExecutionListener@74940388, org.springframework.boot.test.autoconfigure.web.servlet.WebDriverTestExecutionListener@1a2d9177, org.springframework.boot.test.autoconfigure.webservices.client.MockWebServiceServerTestExecutionListener@5aa7bb86, org.springframework.boot.test.mock.mockito.ResetMocksTestExecutionListener@6ddccee4]
Hibernate: select product0_.product_id as product_1_2_, product0_.created_at as created_2_2_, product0_.updated_at as updated_3_2_, product0_.category as category4_2_, product0_.description as descript5_2_, product0_.price as price6_2_, product0_.product_name as product_7_2_, product0_.quantity as quantity8_2_ from product product0_
]]></system-out>
  <system-err><![CDATA[]]></system-err>
</testsuite>
