<?xml version="1.0" encoding="UTF-8"?>
<testsuite name="com.example.gccoffee.Controller.ProductControllerTest" tests="2" skipped="0" failures="0" errors="0" timestamp="2022-10-08T15:29:25" hostname="igyeong-wons-MacBook-Pro.local" time="0.048">
  <properties/>
  <testcase name="전체상품조회" classname="com.example.gccoffee.Controller.ProductControllerTest" time="0.028"/>
  <testcase name="카테고리 조회 테스트" classname="com.example.gccoffee.Controller.ProductControllerTest" time="0.019"/>
  <system-out><![CDATA[2022-10-09 00:29:25.041  INFO 34009 --- [    Test worker] .b.t.c.SpringBootTestContextBootstrapper : Neither @ContextConfiguration nor @ContextHierarchy found for test class [com.example.gccoffee.Controller.ProductControllerTest], using SpringBootContextLoader
2022-10-09 00:29:25.041  INFO 34009 --- [    Test worker] o.s.t.c.support.AbstractContextLoader    : Could not detect default resource locations for test class [com.example.gccoffee.Controller.ProductControllerTest]: no resource found for suffixes {-context.xml, Context.groovy}.
2022-10-09 00:29:25.041  INFO 34009 --- [    Test worker] t.c.s.AnnotationConfigContextLoaderUtils : Could not detect default configuration classes for test class [com.example.gccoffee.Controller.ProductControllerTest]: ProductControllerTest does not declare any static, non-private, non-final, nested classes annotated with @Configuration.
2022-10-09 00:29:25.043  INFO 34009 --- [    Test worker] .b.t.c.SpringBootTestContextBootstrapper : Found @SpringBootConfiguration com.example.gccoffee.GcCoffeeApplication for test class com.example.gccoffee.Controller.ProductControllerTest
2022-10-09 00:29:25.044  INFO 34009 --- [    Test worker] .b.t.c.SpringBootTestContextBootstrapper : Loaded default TestExecutionListener class names from location [META-INF/spring.factories]: [org.springframework.boot.test.autoconfigure.restdocs.RestDocsTestExecutionListener, org.springframework.boot.test.autoconfigure.web.client.MockRestServiceServerResetTestExecutionListener, org.springframework.boot.test.autoconfigure.web.servlet.MockMvcPrintOnlyOnFailureTestExecutionListener, org.springframework.boot.test.autoconfigure.web.servlet.WebDriverTestExecutionListener, org.springframework.boot.test.autoconfigure.webservices.client.MockWebServiceServerTestExecutionListener, org.springframework.boot.test.mock.mockito.MockitoTestExecutionListener, org.springframework.boot.test.mock.mockito.ResetMocksTestExecutionListener, org.springframework.test.context.web.ServletTestExecutionListener, org.springframework.test.context.support.DirtiesContextBeforeModesTestExecutionListener, org.springframework.test.context.event.ApplicationEventsTestExecutionListener, org.springframework.test.context.support.DependencyInjectionTestExecutionListener, org.springframework.test.context.support.DirtiesContextTestExecutionListener, org.springframework.test.context.transaction.TransactionalTestExecutionListener, org.springframework.test.context.jdbc.SqlScriptsTestExecutionListener, org.springframework.test.context.event.EventPublishingTestExecutionListener]
2022-10-09 00:29:25.044  INFO 34009 --- [    Test worker] .b.t.c.SpringBootTestContextBootstrapper : Using TestExecutionListeners: [org.springframework.test.context.web.ServletTestExecutionListener@7222e168, org.springframework.test.context.support.DirtiesContextBeforeModesTestExecutionListener@230383a7, org.springframework.test.context.event.ApplicationEventsTestExecutionListener@6222a343, org.springframework.boot.test.mock.mockito.MockitoTestExecutionListener@228c854f, org.springframework.boot.test.autoconfigure.SpringBootDependencyInjectionTestExecutionListener@47c019d7, org.springframework.test.context.support.DirtiesContextTestExecutionListener@7861a433, org.springframework.test.context.transaction.TransactionalTestExecutionListener@f2e28c7, org.springframework.test.context.jdbc.SqlScriptsTestExecutionListener@494e7290, org.springframework.test.context.event.EventPublishingTestExecutionListener@e87c4cf, org.springframework.boot.test.autoconfigure.restdocs.RestDocsTestExecutionListener@7bb2b910, org.springframework.boot.test.autoconfigure.web.client.MockRestServiceServerResetTestExecutionListener@5a4ceb1, org.springframework.boot.test.autoconfigure.web.servlet.MockMvcPrintOnlyOnFailureTestExecutionListener@3fc4e667, org.springframework.boot.test.autoconfigure.web.servlet.WebDriverTestExecutionListener@f55ecec, org.springframework.boot.test.autoconfigure.webservices.client.MockWebServiceServerTestExecutionListener@61c1be2f, org.springframework.boot.test.mock.mockito.ResetMocksTestExecutionListener@423325e0]
Hibernate: select product0_.product_id as product_1_2_, product0_.created_at as created_2_2_, product0_.updated_at as updated_3_2_, product0_.category as category4_2_, product0_.description as descript5_2_, product0_.price as price6_2_, product0_.product_name as product_7_2_, product0_.quantity as quantity8_2_ from product product0_
]]></system-out>
  <system-err><![CDATA[]]></system-err>
</testsuite>
