<?xml version="1.0" encoding="UTF-8"?>
<testsuite name="com.example.gccoffee.Service.ProductServiceImplTest" tests="4" skipped="0" failures="0" errors="0" timestamp="2022-10-09T09:45:56" hostname="igyeong-wons-MacBook-Pro.local" time="0.058">
  <properties/>
  <testcase name="카테고리 검색 테스트" classname="com.example.gccoffee.Service.ProductServiceImplTest" time="0.033"/>
  <testcase name="상품 업데이트 테스트" classname="com.example.gccoffee.Service.ProductServiceImplTest" time="0.015"/>
  <testcase name="productDeleteTest()" classname="com.example.gccoffee.Service.ProductServiceImplTest" time="0.004"/>
  <testcase name="상품 생성 테스트" classname="com.example.gccoffee.Service.ProductServiceImplTest" time="0.003"/>
  <system-out><![CDATA[2022-10-09 18:45:56.004  INFO 40512 --- [    Test worker] .b.t.c.SpringBootTestContextBootstrapper : Neither @ContextConfiguration nor @ContextHierarchy found for test class [com.example.gccoffee.Service.ProductServiceImplTest], using SpringBootContextLoader
2022-10-09 18:45:56.005  INFO 40512 --- [    Test worker] o.s.t.c.support.AbstractContextLoader    : Could not detect default resource locations for test class [com.example.gccoffee.Service.ProductServiceImplTest]: no resource found for suffixes {-context.xml, Context.groovy}.
2022-10-09 18:45:56.005  INFO 40512 --- [    Test worker] t.c.s.AnnotationConfigContextLoaderUtils : Could not detect default configuration classes for test class [com.example.gccoffee.Service.ProductServiceImplTest]: ProductServiceImplTest does not declare any static, non-private, non-final, nested classes annotated with @Configuration.
2022-10-09 18:45:56.005  INFO 40512 --- [    Test worker] .b.t.c.SpringBootTestContextBootstrapper : Found @SpringBootConfiguration com.example.gccoffee.GcCoffeeApplication for test class com.example.gccoffee.Service.ProductServiceImplTest
2022-10-09 18:45:56.006  INFO 40512 --- [    Test worker] .b.t.c.SpringBootTestContextBootstrapper : Loaded default TestExecutionListener class names from location [META-INF/spring.factories]: [org.springframework.boot.test.autoconfigure.restdocs.RestDocsTestExecutionListener, org.springframework.boot.test.autoconfigure.web.client.MockRestServiceServerResetTestExecutionListener, org.springframework.boot.test.autoconfigure.web.servlet.MockMvcPrintOnlyOnFailureTestExecutionListener, org.springframework.boot.test.autoconfigure.web.servlet.WebDriverTestExecutionListener, org.springframework.boot.test.autoconfigure.webservices.client.MockWebServiceServerTestExecutionListener, org.springframework.boot.test.mock.mockito.MockitoTestExecutionListener, org.springframework.boot.test.mock.mockito.ResetMocksTestExecutionListener, org.springframework.test.context.web.ServletTestExecutionListener, org.springframework.test.context.support.DirtiesContextBeforeModesTestExecutionListener, org.springframework.test.context.event.ApplicationEventsTestExecutionListener, org.springframework.test.context.support.DependencyInjectionTestExecutionListener, org.springframework.test.context.support.DirtiesContextTestExecutionListener, org.springframework.test.context.transaction.TransactionalTestExecutionListener, org.springframework.test.context.jdbc.SqlScriptsTestExecutionListener, org.springframework.test.context.event.EventPublishingTestExecutionListener]
2022-10-09 18:45:56.006  INFO 40512 --- [    Test worker] .b.t.c.SpringBootTestContextBootstrapper : Using TestExecutionListeners: [org.springframework.test.context.web.ServletTestExecutionListener@4ae45ff, org.springframework.test.context.support.DirtiesContextBeforeModesTestExecutionListener@3cced001, org.springframework.test.context.event.ApplicationEventsTestExecutionListener@6c927487, org.springframework.boot.test.mock.mockito.MockitoTestExecutionListener@79d31e24, org.springframework.boot.test.autoconfigure.SpringBootDependencyInjectionTestExecutionListener@f243d5c, org.springframework.test.context.support.DirtiesContextTestExecutionListener@45a0ba61, org.springframework.test.context.transaction.TransactionalTestExecutionListener@3a69c81e, org.springframework.test.context.jdbc.SqlScriptsTestExecutionListener@5b2ac349, org.springframework.test.context.event.EventPublishingTestExecutionListener@754acbad, org.springframework.boot.test.autoconfigure.restdocs.RestDocsTestExecutionListener@357904d7, org.springframework.boot.test.autoconfigure.web.client.MockRestServiceServerResetTestExecutionListener@41a4135e, org.springframework.boot.test.autoconfigure.web.servlet.MockMvcPrintOnlyOnFailureTestExecutionListener@4c19b0a8, org.springframework.boot.test.autoconfigure.web.servlet.WebDriverTestExecutionListener@6f2d0d25, org.springframework.boot.test.autoconfigure.webservices.client.MockWebServiceServerTestExecutionListener@128fe3ab, org.springframework.boot.test.mock.mockito.ResetMocksTestExecutionListener@73502c47]
2022-10-09 18:45:56.008  INFO 40512 --- [    Test worker] c.e.gccoffee.Service.ProductServiceImpl  : Product saved with 
 ID => null 
 Name => 테스트콩 
 Category => BEAN 
 price => 1000 
 quantity => 15
Hibernate: insert into product (created_at, updated_at, category, description, price, product_name, quantity, product_id) values (?, ?, ?, ?, ?, ?, ?, ?)
Hibernate: select product0_.product_id as product_1_2_0_, product0_.created_at as created_2_2_0_, product0_.updated_at as updated_3_2_0_, product0_.category as category4_2_0_, product0_.description as descript5_2_0_, product0_.price as price6_2_0_, product0_.product_name as product_7_2_0_, product0_.quantity as quantity8_2_0_ from product product0_ where product0_.product_id=?
2022-10-09 18:45:56.013  INFO 40512 --- [    Test worker] c.e.gccoffee.Service.ProductServiceImpl  : Product saved with 
 ID => null 
 Name => CoffeeJoa 
 Category => BEAN 
 price => 100 
 quantity => 100
Hibernate: insert into product (created_at, updated_at, category, description, price, product_name, quantity, product_id) values (?, ?, ?, ?, ?, ?, ?, ?)
2022-10-09 18:45:56.017  INFO 40512 --- [    Test worker] c.e.gccoffee.Service.ProductServiceImpl  : Product saved with 
 ID => null 
 Name => CoffeeJoa 
 Category => BEAN 
 price => 100 
 quantity => 100
Hibernate: insert into product (created_at, updated_at, category, description, price, product_name, quantity, product_id) values (?, ?, ?, ?, ?, ?, ?, ?)
2022-10-09 18:45:56.023  INFO 40512 --- [    Test worker] c.e.gccoffee.Service.ProductServiceImpl  : Product saved with 
 ID => null 
 Name => CoffeeCup1 
 Category => BEAN 
 price => 100 
 quantity => 100
Hibernate: insert into product (created_at, updated_at, category, description, price, product_name, quantity, product_id) values (?, ?, ?, ?, ?, ?, ?, ?)
2022-10-09 18:45:56.026  INFO 40512 --- [    Test worker] c.e.gccoffee.Service.ProductServiceImpl  : Product saved with 
 ID => null 
 Name => CoffeeCu2 
 Category => CUP 
 price => 100 
 quantity => 100
Hibernate: insert into product (created_at, updated_at, category, description, price, product_name, quantity, product_id) values (?, ?, ?, ?, ?, ?, ?, ?)
Hibernate: select product0_.product_id as product_1_2_, product0_.created_at as created_2_2_, product0_.updated_at as updated_3_2_, product0_.category as category4_2_, product0_.description as descript5_2_, product0_.price as price6_2_, product0_.product_name as product_7_2_, product0_.quantity as quantity8_2_ from product product0_ where product0_.category=?
Hibernate: select product0_.product_id as product_1_2_, product0_.created_at as created_2_2_, product0_.updated_at as updated_3_2_, product0_.category as category4_2_, product0_.description as descript5_2_, product0_.price as price6_2_, product0_.product_name as product_7_2_, product0_.quantity as quantity8_2_ from product product0_ where product0_.category=?
2022-10-09 18:45:56.041  INFO 40512 --- [    Test worker] c.e.gccoffee.Service.ProductServiceImpl  : Product saved with 
 ID => null 
 Name => 테스트콩 
 Category => BEAN 
 price => 1000 
 quantity => 15
Hibernate: insert into product (created_at, updated_at, category, description, price, product_name, quantity, product_id) values (?, ?, ?, ?, ?, ?, ?, ?)
Hibernate: select product0_.product_id as product_1_2_0_, product0_.created_at as created_2_2_0_, product0_.updated_at as updated_3_2_0_, product0_.category as category4_2_0_, product0_.description as descript5_2_0_, product0_.price as price6_2_0_, product0_.product_name as product_7_2_0_, product0_.quantity as quantity8_2_0_ from product product0_ where product0_.product_id=?
Hibernate: select product0_.product_id as product_1_2_0_, product0_.created_at as created_2_2_0_, product0_.updated_at as updated_3_2_0_, product0_.category as category4_2_0_, product0_.description as descript5_2_0_, product0_.price as price6_2_0_, product0_.product_name as product_7_2_0_, product0_.quantity as quantity8_2_0_ from product product0_ where product0_.product_id=?
Hibernate: select product0_.product_id as product_1_2_0_, product0_.created_at as created_2_2_0_, product0_.updated_at as updated_3_2_0_, product0_.category as category4_2_0_, product0_.description as descript5_2_0_, product0_.price as price6_2_0_, product0_.product_name as product_7_2_0_, product0_.quantity as quantity8_2_0_ from product product0_ where product0_.product_id=?
Hibernate: update product set updated_at=?, category=?, description=?, price=?, product_name=?, quantity=? where product_id=?
Hibernate: select product0_.product_id as product_1_2_0_, product0_.created_at as created_2_2_0_, product0_.updated_at as updated_3_2_0_, product0_.category as category4_2_0_, product0_.description as descript5_2_0_, product0_.price as price6_2_0_, product0_.product_name as product_7_2_0_, product0_.quantity as quantity8_2_0_ from product product0_ where product0_.product_id=?
Hibernate: select product0_.product_id as product_1_2_0_, product0_.created_at as created_2_2_0_, product0_.updated_at as updated_3_2_0_, product0_.category as category4_2_0_, product0_.description as descript5_2_0_, product0_.price as price6_2_0_, product0_.product_name as product_7_2_0_, product0_.quantity as quantity8_2_0_ from product product0_ where product0_.product_id=?
2022-10-09 18:45:56.057  INFO 40512 --- [    Test worker] o.s.t.c.transaction.TransactionContext   : Began transaction (1) for test context [DefaultTestContext@57cd5cc9 testClass = ProductServiceImplTest, testInstance = com.example.gccoffee.Service.ProductServiceImplTest@25ee6683, testMethod = productDeleteTest@ProductServiceImplTest, testException = [null], mergedContextConfiguration = [WebMergedContextConfiguration@44f433db testClass = ProductServiceImplTest, locations = '{}', classes = '{class com.example.gccoffee.GcCoffeeApplication}', contextInitializerClasses = '[]', activeProfiles = '{}', propertySourceLocations = '{}', propertySourceProperties = '{org.springframework.boot.test.context.SpringBootTestContextBootstrapper=true}', contextCustomizers = set[org.springframework.boot.test.autoconfigure.actuate.metrics.MetricsExportContextCustomizerFactory$DisableMetricExportContextCustomizer@f79a760, org.springframework.boot.test.autoconfigure.properties.PropertyMappingContextCustomizer@0, org.springframework.boot.test.autoconfigure.web.servlet.WebDriverContextCustomizerFactory$Customizer@7a527389, org.springframework.boot.test.context.filter.ExcludeFilterContextCustomizer@69637b10, org.springframework.boot.test.json.DuplicateJsonObjectContextCustomizerFactory$DuplicateJsonObjectContextCustomizer@6c8bca63, org.springframework.boot.test.mock.mockito.MockitoContextCustomizer@0, org.springframework.boot.test.web.client.TestRestTemplateContextCustomizer@40258c2f, org.springframework.boot.test.context.SpringBootTestArgs@1, org.springframework.boot.test.context.SpringBootTestWebEnvironment@6692b6c6], resourceBasePath = 'src/main/webapp', contextLoader = 'org.springframework.boot.test.context.SpringBootContextLoader', parent = [null]], attributes = map['org.springframework.test.context.web.ServletTestExecutionListener.activateListener' -> true, 'org.springframework.test.context.web.ServletTestExecutionListener.populatedRequestContextHolder' -> true, 'org.springframework.test.context.web.ServletTestExecutionListener.resetRequestContextHolder' -> true, 'org.springframework.test.context.event.ApplicationEventsTestExecutionListener.recordApplicationEvents' -> false]]; transaction manager [org.springframework.orm.jpa.JpaTransactionManager@6bd21eb7]; rollback [true]
2022-10-09 18:45:56.058  INFO 40512 --- [    Test worker] c.e.gccoffee.Service.ProductServiceImpl  : Product saved with 
 ID => null 
 Name => 테스트콩 
 Category => BEAN 
 price => 1000 
 quantity => 15
p = Optional[Product(productId=afafea6d-59d9-45b6-ae35-a894301eaa79, productName=테스트콩, category=BEAN, description=테스트용, price=1000, quantity=15)]
2022-10-09 18:45:56.061  INFO 40512 --- [    Test worker] o.s.t.c.transaction.TransactionContext   : Rolled back transaction for test: [DefaultTestContext@57cd5cc9 testClass = ProductServiceImplTest, testInstance = com.example.gccoffee.Service.ProductServiceImplTest@25ee6683, testMethod = productDeleteTest@ProductServiceImplTest, testException = [null], mergedContextConfiguration = [WebMergedContextConfiguration@44f433db testClass = ProductServiceImplTest, locations = '{}', classes = '{class com.example.gccoffee.GcCoffeeApplication}', contextInitializerClasses = '[]', activeProfiles = '{}', propertySourceLocations = '{}', propertySourceProperties = '{org.springframework.boot.test.context.SpringBootTestContextBootstrapper=true}', contextCustomizers = set[org.springframework.boot.test.autoconfigure.actuate.metrics.MetricsExportContextCustomizerFactory$DisableMetricExportContextCustomizer@f79a760, org.springframework.boot.test.autoconfigure.properties.PropertyMappingContextCustomizer@0, org.springframework.boot.test.autoconfigure.web.servlet.WebDriverContextCustomizerFactory$Customizer@7a527389, org.springframework.boot.test.context.filter.ExcludeFilterContextCustomizer@69637b10, org.springframework.boot.test.json.DuplicateJsonObjectContextCustomizerFactory$DuplicateJsonObjectContextCustomizer@6c8bca63, org.springframework.boot.test.mock.mockito.MockitoContextCustomizer@0, org.springframework.boot.test.web.client.TestRestTemplateContextCustomizer@40258c2f, org.springframework.boot.test.context.SpringBootTestArgs@1, org.springframework.boot.test.context.SpringBootTestWebEnvironment@6692b6c6], resourceBasePath = 'src/main/webapp', contextLoader = 'org.springframework.boot.test.context.SpringBootContextLoader', parent = [null]], attributes = map['org.springframework.test.context.web.ServletTestExecutionListener.activateListener' -> true, 'org.springframework.test.context.web.ServletTestExecutionListener.populatedRequestContextHolder' -> true, 'org.springframework.test.context.web.ServletTestExecutionListener.resetRequestContextHolder' -> true, 'org.springframework.test.context.event.ApplicationEventsTestExecutionListener.recordApplicationEvents' -> false]]
2022-10-09 18:45:56.062  INFO 40512 --- [    Test worker] o.s.t.c.transaction.TransactionContext   : Began transaction (1) for test context [DefaultTestContext@57cd5cc9 testClass = ProductServiceImplTest, testInstance = com.example.gccoffee.Service.ProductServiceImplTest@36dab184, testMethod = createProduct@ProductServiceImplTest, testException = [null], mergedContextConfiguration = [WebMergedContextConfiguration@44f433db testClass = ProductServiceImplTest, locations = '{}', classes = '{class com.example.gccoffee.GcCoffeeApplication}', contextInitializerClasses = '[]', activeProfiles = '{}', propertySourceLocations = '{}', propertySourceProperties = '{org.springframework.boot.test.context.SpringBootTestContextBootstrapper=true}', contextCustomizers = set[org.springframework.boot.test.autoconfigure.actuate.metrics.MetricsExportContextCustomizerFactory$DisableMetricExportContextCustomizer@f79a760, org.springframework.boot.test.autoconfigure.properties.PropertyMappingContextCustomizer@0, org.springframework.boot.test.autoconfigure.web.servlet.WebDriverContextCustomizerFactory$Customizer@7a527389, org.springframework.boot.test.context.filter.ExcludeFilterContextCustomizer@69637b10, org.springframework.boot.test.json.DuplicateJsonObjectContextCustomizerFactory$DuplicateJsonObjectContextCustomizer@6c8bca63, org.springframework.boot.test.mock.mockito.MockitoContextCustomizer@0, org.springframework.boot.test.web.client.TestRestTemplateContextCustomizer@40258c2f, org.springframework.boot.test.context.SpringBootTestArgs@1, org.springframework.boot.test.context.SpringBootTestWebEnvironment@6692b6c6], resourceBasePath = 'src/main/webapp', contextLoader = 'org.springframework.boot.test.context.SpringBootContextLoader', parent = [null]], attributes = map['org.springframework.test.context.web.ServletTestExecutionListener.activateListener' -> true, 'org.springframework.test.context.web.ServletTestExecutionListener.populatedRequestContextHolder' -> true, 'org.springframework.test.context.web.ServletTestExecutionListener.resetRequestContextHolder' -> true, 'org.springframework.test.context.event.ApplicationEventsTestExecutionListener.recordApplicationEvents' -> false]]; transaction manager [org.springframework.orm.jpa.JpaTransactionManager@6bd21eb7]; rollback [true]
2022-10-09 18:45:56.063  INFO 40512 --- [    Test worker] c.e.gccoffee.Service.ProductServiceImpl  : Product saved with 
 ID => null 
 Name => 테스트콩 
 Category => BEAN 
 price => 1000 
 quantity => 15
2022-10-09 18:45:56.063  INFO 40512 --- [    Test worker] c.e.gccoffee.Service.ProductServiceImpl  : Product saved with 
 ID => null 
 Name => 테스트콩 
 Category => BEAN 
 price => 1000 
 quantity => 15
2022-10-09 18:45:56.064  INFO 40512 --- [    Test worker] o.s.t.c.transaction.TransactionContext   : Rolled back transaction for test: [DefaultTestContext@57cd5cc9 testClass = ProductServiceImplTest, testInstance = com.example.gccoffee.Service.ProductServiceImplTest@36dab184, testMethod = createProduct@ProductServiceImplTest, testException = [null], mergedContextConfiguration = [WebMergedContextConfiguration@44f433db testClass = ProductServiceImplTest, locations = '{}', classes = '{class com.example.gccoffee.GcCoffeeApplication}', contextInitializerClasses = '[]', activeProfiles = '{}', propertySourceLocations = '{}', propertySourceProperties = '{org.springframework.boot.test.context.SpringBootTestContextBootstrapper=true}', contextCustomizers = set[org.springframework.boot.test.autoconfigure.actuate.metrics.MetricsExportContextCustomizerFactory$DisableMetricExportContextCustomizer@f79a760, org.springframework.boot.test.autoconfigure.properties.PropertyMappingContextCustomizer@0, org.springframework.boot.test.autoconfigure.web.servlet.WebDriverContextCustomizerFactory$Customizer@7a527389, org.springframework.boot.test.context.filter.ExcludeFilterContextCustomizer@69637b10, org.springframework.boot.test.json.DuplicateJsonObjectContextCustomizerFactory$DuplicateJsonObjectContextCustomizer@6c8bca63, org.springframework.boot.test.mock.mockito.MockitoContextCustomizer@0, org.springframework.boot.test.web.client.TestRestTemplateContextCustomizer@40258c2f, org.springframework.boot.test.context.SpringBootTestArgs@1, org.springframework.boot.test.context.SpringBootTestWebEnvironment@6692b6c6], resourceBasePath = 'src/main/webapp', contextLoader = 'org.springframework.boot.test.context.SpringBootContextLoader', parent = [null]], attributes = map['org.springframework.test.context.web.ServletTestExecutionListener.activateListener' -> true, 'org.springframework.test.context.web.ServletTestExecutionListener.populatedRequestContextHolder' -> true, 'org.springframework.test.context.web.ServletTestExecutionListener.resetRequestContextHolder' -> true, 'org.springframework.test.context.event.ApplicationEventsTestExecutionListener.recordApplicationEvents' -> false]]
]]></system-out>
  <system-err><![CDATA[]]></system-err>
</testsuite>
