<?xml version="1.0" encoding="UTF-8"?>
<testsuite name="com.example.gccoffee.Service.ProductServiceImplTest" tests="4" skipped="0" failures="0" errors="0" timestamp="2022-10-09T08:36:25" hostname="igyeong-wons-MacBook-Pro.local" time="0.045">
  <properties/>
  <testcase name="카테고리 검색 테스트" classname="com.example.gccoffee.Service.ProductServiceImplTest" time="0.023"/>
  <testcase name="상품 업데이트 테스트" classname="com.example.gccoffee.Service.ProductServiceImplTest" time="0.014"/>
  <testcase name="productDeleteTest()" classname="com.example.gccoffee.Service.ProductServiceImplTest" time="0.004"/>
  <testcase name="상품 생성 테스트" classname="com.example.gccoffee.Service.ProductServiceImplTest" time="0.003"/>
  <system-out><![CDATA[2022-10-09 17:36:25.720  INFO 38614 --- [    Test worker] .b.t.c.SpringBootTestContextBootstrapper : Neither @ContextConfiguration nor @ContextHierarchy found for test class [com.example.gccoffee.Service.ProductServiceImplTest], using SpringBootContextLoader
2022-10-09 17:36:25.720  INFO 38614 --- [    Test worker] o.s.t.c.support.AbstractContextLoader    : Could not detect default resource locations for test class [com.example.gccoffee.Service.ProductServiceImplTest]: no resource found for suffixes {-context.xml, Context.groovy}.
2022-10-09 17:36:25.720  INFO 38614 --- [    Test worker] t.c.s.AnnotationConfigContextLoaderUtils : Could not detect default configuration classes for test class [com.example.gccoffee.Service.ProductServiceImplTest]: ProductServiceImplTest does not declare any static, non-private, non-final, nested classes annotated with @Configuration.
2022-10-09 17:36:25.721  INFO 38614 --- [    Test worker] .b.t.c.SpringBootTestContextBootstrapper : Found @SpringBootConfiguration com.example.gccoffee.GcCoffeeApplication for test class com.example.gccoffee.Service.ProductServiceImplTest
2022-10-09 17:36:25.721  INFO 38614 --- [    Test worker] .b.t.c.SpringBootTestContextBootstrapper : Loaded default TestExecutionListener class names from location [META-INF/spring.factories]: [org.springframework.boot.test.autoconfigure.restdocs.RestDocsTestExecutionListener, org.springframework.boot.test.autoconfigure.web.client.MockRestServiceServerResetTestExecutionListener, org.springframework.boot.test.autoconfigure.web.servlet.MockMvcPrintOnlyOnFailureTestExecutionListener, org.springframework.boot.test.autoconfigure.web.servlet.WebDriverTestExecutionListener, org.springframework.boot.test.autoconfigure.webservices.client.MockWebServiceServerTestExecutionListener, org.springframework.boot.test.mock.mockito.MockitoTestExecutionListener, org.springframework.boot.test.mock.mockito.ResetMocksTestExecutionListener, org.springframework.test.context.web.ServletTestExecutionListener, org.springframework.test.context.support.DirtiesContextBeforeModesTestExecutionListener, org.springframework.test.context.event.ApplicationEventsTestExecutionListener, org.springframework.test.context.support.DependencyInjectionTestExecutionListener, org.springframework.test.context.support.DirtiesContextTestExecutionListener, org.springframework.test.context.transaction.TransactionalTestExecutionListener, org.springframework.test.context.jdbc.SqlScriptsTestExecutionListener, org.springframework.test.context.event.EventPublishingTestExecutionListener]
2022-10-09 17:36:25.721  INFO 38614 --- [    Test worker] .b.t.c.SpringBootTestContextBootstrapper : Using TestExecutionListeners: [org.springframework.test.context.web.ServletTestExecutionListener@4cf66f73, org.springframework.test.context.support.DirtiesContextBeforeModesTestExecutionListener@32df1a2a, org.springframework.test.context.event.ApplicationEventsTestExecutionListener@4fecdf0b, org.springframework.boot.test.mock.mockito.MockitoTestExecutionListener@4c431e2a, org.springframework.boot.test.autoconfigure.SpringBootDependencyInjectionTestExecutionListener@33317d26, org.springframework.test.context.support.DirtiesContextTestExecutionListener@79753f20, org.springframework.test.context.transaction.TransactionalTestExecutionListener@50c8a382, org.springframework.test.context.jdbc.SqlScriptsTestExecutionListener@4ae45ff, org.springframework.test.context.event.EventPublishingTestExecutionListener@3cced001, org.springframework.boot.test.autoconfigure.restdocs.RestDocsTestExecutionListener@6c927487, org.springframework.boot.test.autoconfigure.web.client.MockRestServiceServerResetTestExecutionListener@79d31e24, org.springframework.boot.test.autoconfigure.web.servlet.MockMvcPrintOnlyOnFailureTestExecutionListener@f243d5c, org.springframework.boot.test.autoconfigure.web.servlet.WebDriverTestExecutionListener@45a0ba61, org.springframework.boot.test.autoconfigure.webservices.client.MockWebServiceServerTestExecutionListener@3a69c81e, org.springframework.boot.test.mock.mockito.ResetMocksTestExecutionListener@5b2ac349]
2022-10-09 17:36:25.723  INFO 38614 --- [    Test worker] c.e.gccoffee.Service.ProductServiceImpl  : Product saved with 
 ID => null 
 Name => 테스트콩 
 Category => BEAN 
 price => 1000 
 quantity => 15
Hibernate: insert into product (created_at, updated_at, category, description, price, product_name, quantity, product_id) values (?, ?, ?, ?, ?, ?, ?, ?)
Hibernate: select product0_.product_id as product_1_2_0_, product0_.created_at as created_2_2_0_, product0_.updated_at as updated_3_2_0_, product0_.category as category4_2_0_, product0_.description as descript5_2_0_, product0_.price as price6_2_0_, product0_.product_name as product_7_2_0_, product0_.quantity as quantity8_2_0_ from product product0_ where product0_.product_id=?
2022-10-09 17:36:25.727  INFO 38614 --- [    Test worker] c.e.gccoffee.Service.ProductServiceImpl  : Product saved with 
 ID => null 
 Name => CoffeeJoa 
 Category => BEAN 
 price => 100 
 quantity => 100
Hibernate: insert into product (created_at, updated_at, category, description, price, product_name, quantity, product_id) values (?, ?, ?, ?, ?, ?, ?, ?)
2022-10-09 17:36:25.729  INFO 38614 --- [    Test worker] c.e.gccoffee.Service.ProductServiceImpl  : Product saved with 
 ID => null 
 Name => CoffeeJoa 
 Category => BEAN 
 price => 100 
 quantity => 100
Hibernate: insert into product (created_at, updated_at, category, description, price, product_name, quantity, product_id) values (?, ?, ?, ?, ?, ?, ?, ?)
2022-10-09 17:36:25.731  INFO 38614 --- [    Test worker] c.e.gccoffee.Service.ProductServiceImpl  : Product saved with 
 ID => null 
 Name => CoffeeCup1 
 Category => BEAN 
 price => 100 
 quantity => 100
Hibernate: insert into product (created_at, updated_at, category, description, price, product_name, quantity, product_id) values (?, ?, ?, ?, ?, ?, ?, ?)
2022-10-09 17:36:25.733  INFO 38614 --- [    Test worker] c.e.gccoffee.Service.ProductServiceImpl  : Product saved with 
 ID => null 
 Name => CoffeeCu2 
 Category => CUP 
 price => 100 
 quantity => 100
Hibernate: insert into product (created_at, updated_at, category, description, price, product_name, quantity, product_id) values (?, ?, ?, ?, ?, ?, ?, ?)
Hibernate: select product0_.product_id as product_1_2_, product0_.created_at as created_2_2_, product0_.updated_at as updated_3_2_, product0_.category as category4_2_, product0_.description as descript5_2_, product0_.price as price6_2_, product0_.product_name as product_7_2_, product0_.quantity as quantity8_2_ from product product0_ where product0_.category=?
Hibernate: select product0_.product_id as product_1_2_, product0_.created_at as created_2_2_, product0_.updated_at as updated_3_2_, product0_.category as category4_2_, product0_.description as descript5_2_, product0_.price as price6_2_, product0_.product_name as product_7_2_, product0_.quantity as quantity8_2_ from product product0_ where product0_.category=?
2022-10-09 17:36:25.747  INFO 38614 --- [    Test worker] c.e.gccoffee.Service.ProductServiceImpl  : Product saved with 
 ID => null 
 Name => 테스트콩 
 Category => BEAN 
 price => 1000 
 quantity => 15
Hibernate: insert into product (created_at, updated_at, category, description, price, product_name, quantity, product_id) values (?, ?, ?, ?, ?, ?, ?, ?)
Hibernate: select product0_.product_id as product_1_2_0_, product0_.created_at as created_2_2_0_, product0_.updated_at as updated_3_2_0_, product0_.category as category4_2_0_, product0_.description as descript5_2_0_, product0_.price as price6_2_0_, product0_.product_name as product_7_2_0_, product0_.quantity as quantity8_2_0_ from product product0_ where product0_.product_id=?
Hibernate: select product0_.product_id as product_1_2_0_, product0_.created_at as created_2_2_0_, product0_.updated_at as updated_3_2_0_, product0_.category as category4_2_0_, product0_.description as descript5_2_0_, product0_.price as price6_2_0_, product0_.product_name as product_7_2_0_, product0_.quantity as quantity8_2_0_ from product product0_ where product0_.product_id=?
Hibernate: select product0_.product_id as product_1_2_0_, product0_.created_at as created_2_2_0_, product0_.updated_at as updated_3_2_0_, product0_.category as category4_2_0_, product0_.description as descript5_2_0_, product0_.price as price6_2_0_, product0_.product_name as product_7_2_0_, product0_.quantity as quantity8_2_0_ from product product0_ where product0_.product_id=?
Hibernate: update product set updated_at=?, category=?, description=?, price=?, product_name=?, quantity=? where product_id=?
Hibernate: select product0_.product_id as product_1_2_0_, product0_.created_at as created_2_2_0_, product0_.updated_at as updated_3_2_0_, product0_.category as category4_2_0_, product0_.description as descript5_2_0_, product0_.price as price6_2_0_, product0_.product_name as product_7_2_0_, product0_.quantity as quantity8_2_0_ from product product0_ where product0_.product_id=?
Hibernate: select product0_.product_id as product_1_2_0_, product0_.created_at as created_2_2_0_, product0_.updated_at as updated_3_2_0_, product0_.category as category4_2_0_, product0_.description as descript5_2_0_, product0_.price as price6_2_0_, product0_.product_name as product_7_2_0_, product0_.quantity as quantity8_2_0_ from product product0_ where product0_.product_id=?
2022-10-09 17:36:25.761  INFO 38614 --- [    Test worker] o.s.t.c.transaction.TransactionContext   : Began transaction (1) for test context [DefaultTestContext@2be9425f testClass = ProductServiceImplTest, testInstance = com.example.gccoffee.Service.ProductServiceImplTest@41f05f1, testMethod = productDeleteTest@ProductServiceImplTest, testException = [null], mergedContextConfiguration = [WebMergedContextConfiguration@57cd5cc9 testClass = ProductServiceImplTest, locations = '{}', classes = '{class com.example.gccoffee.GcCoffeeApplication}', contextInitializerClasses = '[]', activeProfiles = '{}', propertySourceLocations = '{}', propertySourceProperties = '{org.springframework.boot.test.context.SpringBootTestContextBootstrapper=true}', contextCustomizers = set[org.springframework.boot.test.autoconfigure.actuate.metrics.MetricsExportContextCustomizerFactory$DisableMetricExportContextCustomizer@f79a760, org.springframework.boot.test.autoconfigure.properties.PropertyMappingContextCustomizer@0, org.springframework.boot.test.autoconfigure.web.servlet.WebDriverContextCustomizerFactory$Customizer@7a527389, org.springframework.boot.test.context.filter.ExcludeFilterContextCustomizer@69637b10, org.springframework.boot.test.json.DuplicateJsonObjectContextCustomizerFactory$DuplicateJsonObjectContextCustomizer@6c8bca63, org.springframework.boot.test.mock.mockito.MockitoContextCustomizer@0, org.springframework.boot.test.web.client.TestRestTemplateContextCustomizer@40258c2f, org.springframework.boot.test.context.SpringBootTestArgs@1, org.springframework.boot.test.context.SpringBootTestWebEnvironment@6692b6c6], resourceBasePath = 'src/main/webapp', contextLoader = 'org.springframework.boot.test.context.SpringBootContextLoader', parent = [null]], attributes = map['org.springframework.test.context.web.ServletTestExecutionListener.activateListener' -> true, 'org.springframework.test.context.web.ServletTestExecutionListener.populatedRequestContextHolder' -> true, 'org.springframework.test.context.web.ServletTestExecutionListener.resetRequestContextHolder' -> true, 'org.springframework.test.context.event.ApplicationEventsTestExecutionListener.recordApplicationEvents' -> false]]; transaction manager [org.springframework.orm.jpa.JpaTransactionManager@3f46fb53]; rollback [true]
2022-10-09 17:36:25.762  INFO 38614 --- [    Test worker] c.e.gccoffee.Service.ProductServiceImpl  : Product saved with 
 ID => null 
 Name => 테스트콩 
 Category => BEAN 
 price => 1000 
 quantity => 15
p = Optional[Product(productId=e027b002-2086-4e31-9c0f-64626bb02774, productName=테스트콩, category=BEAN, description=테스트용, price=1000, quantity=15)]
2022-10-09 17:36:25.765  INFO 38614 --- [    Test worker] o.s.t.c.transaction.TransactionContext   : Rolled back transaction for test: [DefaultTestContext@2be9425f testClass = ProductServiceImplTest, testInstance = com.example.gccoffee.Service.ProductServiceImplTest@41f05f1, testMethod = productDeleteTest@ProductServiceImplTest, testException = [null], mergedContextConfiguration = [WebMergedContextConfiguration@57cd5cc9 testClass = ProductServiceImplTest, locations = '{}', classes = '{class com.example.gccoffee.GcCoffeeApplication}', contextInitializerClasses = '[]', activeProfiles = '{}', propertySourceLocations = '{}', propertySourceProperties = '{org.springframework.boot.test.context.SpringBootTestContextBootstrapper=true}', contextCustomizers = set[org.springframework.boot.test.autoconfigure.actuate.metrics.MetricsExportContextCustomizerFactory$DisableMetricExportContextCustomizer@f79a760, org.springframework.boot.test.autoconfigure.properties.PropertyMappingContextCustomizer@0, org.springframework.boot.test.autoconfigure.web.servlet.WebDriverContextCustomizerFactory$Customizer@7a527389, org.springframework.boot.test.context.filter.ExcludeFilterContextCustomizer@69637b10, org.springframework.boot.test.json.DuplicateJsonObjectContextCustomizerFactory$DuplicateJsonObjectContextCustomizer@6c8bca63, org.springframework.boot.test.mock.mockito.MockitoContextCustomizer@0, org.springframework.boot.test.web.client.TestRestTemplateContextCustomizer@40258c2f, org.springframework.boot.test.context.SpringBootTestArgs@1, org.springframework.boot.test.context.SpringBootTestWebEnvironment@6692b6c6], resourceBasePath = 'src/main/webapp', contextLoader = 'org.springframework.boot.test.context.SpringBootContextLoader', parent = [null]], attributes = map['org.springframework.test.context.web.ServletTestExecutionListener.activateListener' -> true, 'org.springframework.test.context.web.ServletTestExecutionListener.populatedRequestContextHolder' -> true, 'org.springframework.test.context.web.ServletTestExecutionListener.resetRequestContextHolder' -> true, 'org.springframework.test.context.event.ApplicationEventsTestExecutionListener.recordApplicationEvents' -> false]]
2022-10-09 17:36:25.766  INFO 38614 --- [    Test worker] o.s.t.c.transaction.TransactionContext   : Began transaction (1) for test context [DefaultTestContext@2be9425f testClass = ProductServiceImplTest, testInstance = com.example.gccoffee.Service.ProductServiceImplTest@3927de0e, testMethod = createProduct@ProductServiceImplTest, testException = [null], mergedContextConfiguration = [WebMergedContextConfiguration@57cd5cc9 testClass = ProductServiceImplTest, locations = '{}', classes = '{class com.example.gccoffee.GcCoffeeApplication}', contextInitializerClasses = '[]', activeProfiles = '{}', propertySourceLocations = '{}', propertySourceProperties = '{org.springframework.boot.test.context.SpringBootTestContextBootstrapper=true}', contextCustomizers = set[org.springframework.boot.test.autoconfigure.actuate.metrics.MetricsExportContextCustomizerFactory$DisableMetricExportContextCustomizer@f79a760, org.springframework.boot.test.autoconfigure.properties.PropertyMappingContextCustomizer@0, org.springframework.boot.test.autoconfigure.web.servlet.WebDriverContextCustomizerFactory$Customizer@7a527389, org.springframework.boot.test.context.filter.ExcludeFilterContextCustomizer@69637b10, org.springframework.boot.test.json.DuplicateJsonObjectContextCustomizerFactory$DuplicateJsonObjectContextCustomizer@6c8bca63, org.springframework.boot.test.mock.mockito.MockitoContextCustomizer@0, org.springframework.boot.test.web.client.TestRestTemplateContextCustomizer@40258c2f, org.springframework.boot.test.context.SpringBootTestArgs@1, org.springframework.boot.test.context.SpringBootTestWebEnvironment@6692b6c6], resourceBasePath = 'src/main/webapp', contextLoader = 'org.springframework.boot.test.context.SpringBootContextLoader', parent = [null]], attributes = map['org.springframework.test.context.web.ServletTestExecutionListener.activateListener' -> true, 'org.springframework.test.context.web.ServletTestExecutionListener.populatedRequestContextHolder' -> true, 'org.springframework.test.context.web.ServletTestExecutionListener.resetRequestContextHolder' -> true, 'org.springframework.test.context.event.ApplicationEventsTestExecutionListener.recordApplicationEvents' -> false]]; transaction manager [org.springframework.orm.jpa.JpaTransactionManager@3f46fb53]; rollback [true]
2022-10-09 17:36:25.766  INFO 38614 --- [    Test worker] c.e.gccoffee.Service.ProductServiceImpl  : Product saved with 
 ID => null 
 Name => 테스트콩 
 Category => BEAN 
 price => 1000 
 quantity => 15
2022-10-09 17:36:25.767  INFO 38614 --- [    Test worker] c.e.gccoffee.Service.ProductServiceImpl  : Product saved with 
 ID => null 
 Name => 테스트콩 
 Category => BEAN 
 price => 1000 
 quantity => 15
2022-10-09 17:36:25.768  INFO 38614 --- [    Test worker] o.s.t.c.transaction.TransactionContext   : Rolled back transaction for test: [DefaultTestContext@2be9425f testClass = ProductServiceImplTest, testInstance = com.example.gccoffee.Service.ProductServiceImplTest@3927de0e, testMethod = createProduct@ProductServiceImplTest, testException = [null], mergedContextConfiguration = [WebMergedContextConfiguration@57cd5cc9 testClass = ProductServiceImplTest, locations = '{}', classes = '{class com.example.gccoffee.GcCoffeeApplication}', contextInitializerClasses = '[]', activeProfiles = '{}', propertySourceLocations = '{}', propertySourceProperties = '{org.springframework.boot.test.context.SpringBootTestContextBootstrapper=true}', contextCustomizers = set[org.springframework.boot.test.autoconfigure.actuate.metrics.MetricsExportContextCustomizerFactory$DisableMetricExportContextCustomizer@f79a760, org.springframework.boot.test.autoconfigure.properties.PropertyMappingContextCustomizer@0, org.springframework.boot.test.autoconfigure.web.servlet.WebDriverContextCustomizerFactory$Customizer@7a527389, org.springframework.boot.test.context.filter.ExcludeFilterContextCustomizer@69637b10, org.springframework.boot.test.json.DuplicateJsonObjectContextCustomizerFactory$DuplicateJsonObjectContextCustomizer@6c8bca63, org.springframework.boot.test.mock.mockito.MockitoContextCustomizer@0, org.springframework.boot.test.web.client.TestRestTemplateContextCustomizer@40258c2f, org.springframework.boot.test.context.SpringBootTestArgs@1, org.springframework.boot.test.context.SpringBootTestWebEnvironment@6692b6c6], resourceBasePath = 'src/main/webapp', contextLoader = 'org.springframework.boot.test.context.SpringBootContextLoader', parent = [null]], attributes = map['org.springframework.test.context.web.ServletTestExecutionListener.activateListener' -> true, 'org.springframework.test.context.web.ServletTestExecutionListener.populatedRequestContextHolder' -> true, 'org.springframework.test.context.web.ServletTestExecutionListener.resetRequestContextHolder' -> true, 'org.springframework.test.context.event.ApplicationEventsTestExecutionListener.recordApplicationEvents' -> false]]
]]></system-out>
  <system-err><![CDATA[]]></system-err>
</testsuite>
