<?xml version="1.0" encoding="UTF-8"?>
<testsuite name="com.example.gccoffee.model.CategoryTest" tests="1" skipped="0" failures="0" errors="0" timestamp="2022-10-09T09:45:56" hostname="igyeong-wons-MacBook-Pro.local" time="0.0">
  <properties/>
  <testcase name="getAllEnum()" classname="com.example.gccoffee.model.CategoryTest" time="0.0"/>
  <system-out><![CDATA[BEAN
CUP
]]></system-out>
  <system-err><![CDATA[]]></system-err>
</testsuite>
