<?xml version="1.0" encoding="UTF-8"?>
<testsuite name="com.example.gccoffee.Controller.OrderRestControllerTest" tests="1" skipped="0" failures="0" errors="0" timestamp="2022-10-08T15:29:24" hostname="igyeong-wons-MacBook-Pro.local" time="0.317">
  <properties/>
  <testcase name="주문 API 테스트" classname="com.example.gccoffee.Controller.OrderRestControllerTest" time="0.317"/>
  <system-out><![CDATA[00:29:22.120 [Test worker] DEBUG org.springframework.test.context.BootstrapUtils - Instantiating CacheAwareContextLoaderDelegate from class [org.springframework.test.context.cache.DefaultCacheAwareContextLoaderDelegate]
00:29:22.125 [Test worker] DEBUG org.springframework.test.context.BootstrapUtils - Instantiating BootstrapContext using constructor [public org.springframework.test.context.support.DefaultBootstrapContext(java.lang.Class,org.springframework.test.context.CacheAwareContextLoaderDelegate)]
00:29:22.140 [Test worker] DEBUG org.springframework.test.context.BootstrapUtils - Instantiating TestContextBootstrapper for test class [com.example.gccoffee.Controller.OrderRestControllerTest] from class [org.springframework.boot.test.context.SpringBootTestContextBootstrapper]
00:29:22.147 [Test worker] INFO org.springframework.boot.test.context.SpringBootTestContextBootstrapper - Neither @ContextConfiguration nor @ContextHierarchy found for test class [com.example.gccoffee.Controller.OrderRestControllerTest], using SpringBootContextLoader
00:29:22.151 [Test worker] DEBUG org.springframework.test.context.support.AbstractContextLoader - Did not detect default resource location for test class [com.example.gccoffee.Controller.OrderRestControllerTest]: class path resource [com/example/gccoffee/Controller/OrderRestControllerTest-context.xml] does not exist
00:29:22.152 [Test worker] DEBUG org.springframework.test.context.support.AbstractContextLoader - Did not detect default resource location for test class [com.example.gccoffee.Controller.OrderRestControllerTest]: class path resource [com/example/gccoffee/Controller/OrderRestControllerTestContext.groovy] does not exist
00:29:22.152 [Test worker] INFO org.springframework.test.context.support.AbstractContextLoader - Could not detect default resource locations for test class [com.example.gccoffee.Controller.OrderRestControllerTest]: no resource found for suffixes {-context.xml, Context.groovy}.
00:29:22.152 [Test worker] INFO org.springframework.test.context.support.AnnotationConfigContextLoaderUtils - Could not detect default configuration classes for test class [com.example.gccoffee.Controller.OrderRestControllerTest]: OrderRestControllerTest does not declare any static, non-private, non-final, nested classes annotated with @Configuration.
00:29:22.213 [Test worker] DEBUG org.springframework.test.context.support.ActiveProfilesUtils - Could not find an 'annotation declaring class' for annotation type [org.springframework.test.context.ActiveProfiles] and class [com.example.gccoffee.Controller.OrderRestControllerTest]
00:29:22.266 [Test worker] DEBUG org.springframework.context.annotation.ClassPathScanningCandidateComponentProvider - Identified candidate component class: file [/Users/kyeong/dev/java/Grids-Circles-Clone-APIServer/backend/build/classes/java/main/com/example/gccoffee/GcCoffeeApplication.class]
00:29:22.266 [Test worker] INFO org.springframework.boot.test.context.SpringBootTestContextBootstrapper - Found @SpringBootConfiguration com.example.gccoffee.GcCoffeeApplication for test class com.example.gccoffee.Controller.OrderRestControllerTest
00:29:22.303 [Test worker] DEBUG org.springframework.boot.test.context.SpringBootTestContextBootstrapper - @TestExecutionListeners is not present for class [com.example.gccoffee.Controller.OrderRestControllerTest]: using defaults.
00:29:22.303 [Test worker] INFO org.springframework.boot.test.context.SpringBootTestContextBootstrapper - Loaded default TestExecutionListener class names from location [META-INF/spring.factories]: [org.springframework.boot.test.autoconfigure.restdocs.RestDocsTestExecutionListener, org.springframework.boot.test.autoconfigure.web.client.MockRestServiceServerResetTestExecutionListener, org.springframework.boot.test.autoconfigure.web.servlet.MockMvcPrintOnlyOnFailureTestExecutionListener, org.springframework.boot.test.autoconfigure.web.servlet.WebDriverTestExecutionListener, org.springframework.boot.test.autoconfigure.webservices.client.MockWebServiceServerTestExecutionListener, org.springframework.boot.test.mock.mockito.MockitoTestExecutionListener, org.springframework.boot.test.mock.mockito.ResetMocksTestExecutionListener, org.springframework.test.context.web.ServletTestExecutionListener, org.springframework.test.context.support.DirtiesContextBeforeModesTestExecutionListener, org.springframework.test.context.event.ApplicationEventsTestExecutionListener, org.springframework.test.context.support.DependencyInjectionTestExecutionListener, org.springframework.test.context.support.DirtiesContextTestExecutionListener, org.springframework.test.context.transaction.TransactionalTestExecutionListener, org.springframework.test.context.jdbc.SqlScriptsTestExecutionListener, org.springframework.test.context.event.EventPublishingTestExecutionListener]
00:29:22.310 [Test worker] INFO org.springframework.boot.test.context.SpringBootTestContextBootstrapper - Using TestExecutionListeners: [org.springframework.test.context.web.ServletTestExecutionListener@71ea1fda, org.springframework.test.context.support.DirtiesContextBeforeModesTestExecutionListener@62b3df3a, org.springframework.test.context.event.ApplicationEventsTestExecutionListener@420745d7, org.springframework.boot.test.mock.mockito.MockitoTestExecutionListener@7e11ab3d, org.springframework.boot.test.autoconfigure.SpringBootDependencyInjectionTestExecutionListener@5fa47fea, org.springframework.test.context.support.DirtiesContextTestExecutionListener@2392212b, org.springframework.test.context.transaction.TransactionalTestExecutionListener@5b43e173, org.springframework.test.context.jdbc.SqlScriptsTestExecutionListener@28f8e165, org.springframework.test.context.event.EventPublishingTestExecutionListener@545f80bf, org.springframework.boot.test.autoconfigure.restdocs.RestDocsTestExecutionListener@66f66866, org.springframework.boot.test.autoconfigure.web.client.MockRestServiceServerResetTestExecutionListener@22fa55b2, org.springframework.boot.test.autoconfigure.web.servlet.MockMvcPrintOnlyOnFailureTestExecutionListener@4d666b41, org.springframework.boot.test.autoconfigure.web.servlet.WebDriverTestExecutionListener@6594402a, org.springframework.boot.test.autoconfigure.webservices.client.MockWebServiceServerTestExecutionListener@30f4b1a6, org.springframework.boot.test.mock.mockito.ResetMocksTestExecutionListener@405325cf]
00:29:22.312 [Test worker] DEBUG org.springframework.test.context.support.AbstractDirtiesContextTestExecutionListener - Before test class: context [DefaultTestContext@7d2a6eac testClass = OrderRestControllerTest, testInstance = [null], testMethod = [null], testException = [null], mergedContextConfiguration = [WebMergedContextConfiguration@18ca3c62 testClass = OrderRestControllerTest, locations = '{}', classes = '{class com.example.gccoffee.GcCoffeeApplication}', contextInitializerClasses = '[]', activeProfiles = '{}', propertySourceLocations = '{}', propertySourceProperties = '{org.springframework.boot.test.context.SpringBootTestContextBootstrapper=true}', contextCustomizers = set[org.springframework.boot.test.autoconfigure.actuate.metrics.MetricsExportContextCustomizerFactory$DisableMetricExportContextCustomizer@37bd68c3, org.springframework.boot.test.autoconfigure.properties.PropertyMappingContextCustomizer@63da79bb, org.springframework.boot.test.autoconfigure.web.servlet.WebDriverContextCustomizerFactory$Customizer@4c37b5b, [ImportsContextCustomizer@2c0f7678 key = [@org.springframework.test.context.BootstrapWith(org.springframework.boot.test.context.SpringBootTestContextBootstrapper.class), @org.springframework.context.annotation.Import({org.springframework.boot.autoconfigure.ImportAutoConfigurationImportSelector.class}), @org.springframework.boot.test.autoconfigure.properties.PropertyMapping(value="spring.test.mockmvc", skip=NO), @org.springframework.boot.test.context.SpringBootTest(args={}, webEnvironment=MOCK, value={}, properties={}, classes={}), @org.springframework.boot.test.autoconfigure.web.servlet.AutoConfigureMockMvc(webDriverEnabled=true, print=DEFAULT, webClientEnabled=true, addFilters=true, printOnlyOnFailure=true), @org.springframework.boot.autoconfigure.ImportAutoConfiguration(value={}, exclude={}, classes={}), @org.springframework.boot.test.autoconfigure.restdocs.AutoConfigureRestDocs(uriScheme="http", outputDir="", uriPort=8080, value="", uriHost="localhost"), @org.springframework.boot.test.autoconfigure.properties.PropertyMapping(value="spring.test.restdocs", skip=NO), @org.springframework.context.annotation.Import({org.springframework.boot.test.autoconfigure.restdocs.RestDocumentationContextProviderRegistrar.class})]], org.springframework.boot.test.context.filter.ExcludeFilterContextCustomizer@773f7880, org.springframework.boot.test.json.DuplicateJsonObjectContextCustomizerFactory$DuplicateJsonObjectContextCustomizer@42a9e5d1, org.springframework.boot.test.mock.mockito.MockitoContextCustomizer@0, org.springframework.boot.test.web.client.TestRestTemplateContextCustomizer@28d6290, org.springframework.boot.test.context.SpringBootTestArgs@1, org.springframework.boot.test.context.SpringBootTestWebEnvironment@4fa1c212], resourceBasePath = 'src/main/webapp', contextLoader = 'org.springframework.boot.test.context.SpringBootContextLoader', parent = [null]], attributes = map['org.springframework.test.context.web.ServletTestExecutionListener.activateListener' -> true]], class annotated with @DirtiesContext [false] with mode [null].

  .   ____          _            __ _ _
 /\\ / ___'_ __ _ _(_)_ __  __ _ \ \ \ \
( ( )\___ | '_ | '_| | '_ \/ _` | \ \ \ \
 \\/  ___)| |_)| | | | | || (_| |  ) ) ) )
  '  |____| .__|_| |_|_| |_\__, | / / / /
 =========|_|==============|___/=/_/_/_/
 :: Spring Boot ::                (v2.7.3)

2022-10-09 00:29:22.473  INFO 34009 --- [    Test worker] c.e.g.C.OrderRestControllerTest          : Starting OrderRestControllerTest using Java 15.0.5 on igyeong-wons-MacBook-Pro.local with PID 34009 (started by kyeong in /Users/kyeong/dev/java/Grids-Circles-Clone-APIServer/backend)
2022-10-09 00:29:22.474  INFO 34009 --- [    Test worker] c.e.g.C.OrderRestControllerTest          : No active profile set, falling back to 1 default profile: "default"
2022-10-09 00:29:22.815  INFO 34009 --- [    Test worker] .s.d.r.c.RepositoryConfigurationDelegate : Bootstrapping Spring Data JPA repositories in DEFAULT mode.
2022-10-09 00:29:22.841  INFO 34009 --- [    Test worker] .s.d.r.c.RepositoryConfigurationDelegate : Finished Spring Data repository scanning in 22 ms. Found 2 JPA repository interfaces.
2022-10-09 00:29:23.075  INFO 34009 --- [    Test worker] o.hibernate.jpa.internal.util.LogHelper  : HHH000204: Processing PersistenceUnitInfo [name: default]
2022-10-09 00:29:23.099  INFO 34009 --- [    Test worker] org.hibernate.Version                    : HHH000412: Hibernate ORM core version 5.6.10.Final
2022-10-09 00:29:23.180  INFO 34009 --- [    Test worker] o.hibernate.annotations.common.Version   : HCANN000001: Hibernate Commons Annotations {5.1.2.Final}
2022-10-09 00:29:23.220  INFO 34009 --- [    Test worker] com.zaxxer.hikari.HikariDataSource       : HikariPool-1 - Starting...
2022-10-09 00:29:23.405  INFO 34009 --- [    Test worker] com.zaxxer.hikari.HikariDataSource       : HikariPool-1 - Start completed.
2022-10-09 00:29:23.439  INFO 34009 --- [    Test worker] org.hibernate.dialect.Dialect            : HHH000400: Using dialect: org.hibernate.dialect.MySQL8Dialect
Hibernate: alter table order_item drop foreign key FKt4dc2r9nbvbujrljv3e23iibt
Hibernate: alter table order_item drop foreign key FK551losx9j75ss5d6bfsqvijna
Hibernate: drop table if exists order_item
Hibernate: drop table if exists orders
Hibernate: drop table if exists product
Hibernate: create table order_item (order_item_id BINARY(16) not null, created_at datetime(6), updated_at datetime(6), count integer not null, order_price bigint not null, order_id BINARY(16), product_id BINARY(16), primary key (order_item_id)) engine=InnoDB
Hibernate: create table orders (id BINARY(16) not null, created_at datetime(6), updated_at datetime(6), address varchar(255), email varchar(255), order_status integer, postcode varchar(255), primary key (id)) engine=InnoDB
Hibernate: create table product (product_id BINARY(16) not null, created_at datetime(6), updated_at datetime(6), category integer, description BLOB, price bigint not null, product_name varchar(255), quantity integer not null, primary key (product_id)) engine=InnoDB
Hibernate: alter table order_item add constraint FKt4dc2r9nbvbujrljv3e23iibt foreign key (order_id) references orders (id)
Hibernate: alter table order_item add constraint FK551losx9j75ss5d6bfsqvijna foreign key (product_id) references product (product_id)
2022-10-09 00:29:23.924  INFO 34009 --- [    Test worker] o.h.e.t.j.p.i.JtaPlatformInitiator       : HHH000490: Using JtaPlatform implementation: [org.hibernate.engine.transaction.jta.platform.internal.NoJtaPlatform]
2022-10-09 00:29:23.928  INFO 34009 --- [    Test worker] j.LocalContainerEntityManagerFactoryBean : Initialized JPA EntityManagerFactory for persistence unit 'default'
2022-10-09 00:29:24.291  INFO 34009 --- [    Test worker] o.s.s.web.DefaultSecurityFilterChain     : Will secure any request with [org.springframework.security.web.session.DisableEncodeUrlFilter@68908be7, org.springframework.security.web.context.request.async.WebAsyncManagerIntegrationFilter@1aba8978, org.springframework.security.web.context.SecurityContextPersistenceFilter@6de2344a, org.springframework.security.web.header.HeaderWriterFilter@372e972d, org.springframework.security.web.authentication.logout.LogoutFilter@6779af40, org.springframework.security.web.authentication.UsernamePasswordAuthenticationFilter@9fd5dd0, org.springframework.security.web.authentication.ui.DefaultLoginPageGeneratingFilter@3a678e40, org.springframework.security.web.authentication.ui.DefaultLogoutPageGeneratingFilter@2662e3ff, org.springframework.security.web.savedrequest.RequestCacheAwareFilter@5fb05c07, org.springframework.security.web.servletapi.SecurityContextHolderAwareRequestFilter@238c63df, org.springframework.security.web.authentication.AnonymousAuthenticationFilter@487ee2a, org.springframework.security.web.session.SessionManagementFilter@15ae31b, org.springframework.security.web.access.ExceptionTranslationFilter@433362e0, org.springframework.security.web.access.intercept.FilterSecurityInterceptor@2b0d818d]
2022-10-09 00:29:24.395  WARN 34009 --- [    Test worker] JpaBaseConfiguration$JpaWebConfiguration : spring.jpa.open-in-view is enabled by default. Therefore, database queries may be performed during view rendering. Explicitly configure spring.jpa.open-in-view to disable this warning
2022-10-09 00:29:24.512  INFO 34009 --- [    Test worker] o.s.b.a.w.s.WelcomePageHandlerMapping    : Adding welcome page template: index
2022-10-09 00:29:24.696  INFO 34009 --- [    Test worker] o.s.b.t.m.w.SpringBootMockServletContext : Initializing Spring TestDispatcherServlet ''
2022-10-09 00:29:24.697  INFO 34009 --- [    Test worker] o.s.t.web.servlet.TestDispatcherServlet  : Initializing Servlet ''
2022-10-09 00:29:24.697  INFO 34009 --- [    Test worker] o.s.t.web.servlet.TestDispatcherServlet  : Completed initialization in 0 ms
2022-10-09 00:29:24.714  INFO 34009 --- [    Test worker] c.e.g.C.OrderRestControllerTest          : Started OrderRestControllerTest in 2.387 seconds (JVM running for 3.229)
2022-10-09 00:29:24.726  INFO 34009 --- [    Test worker] o.s.t.c.transaction.TransactionContext   : Began transaction (1) for test context [DefaultTestContext@7d2a6eac testClass = OrderRestControllerTest, testInstance = com.example.gccoffee.Controller.OrderRestControllerTest@509bf2d5, testMethod = orderTest@OrderRestControllerTest, testException = [null], mergedContextConfiguration = [WebMergedContextConfiguration@18ca3c62 testClass = OrderRestControllerTest, locations = '{}', classes = '{class com.example.gccoffee.GcCoffeeApplication}', contextInitializerClasses = '[]', activeProfiles = '{}', propertySourceLocations = '{}', propertySourceProperties = '{org.springframework.boot.test.context.SpringBootTestContextBootstrapper=true}', contextCustomizers = set[org.springframework.boot.test.autoconfigure.actuate.metrics.MetricsExportContextCustomizerFactory$DisableMetricExportContextCustomizer@37bd68c3, org.springframework.boot.test.autoconfigure.properties.PropertyMappingContextCustomizer@63da79bb, org.springframework.boot.test.autoconfigure.web.servlet.WebDriverContextCustomizerFactory$Customizer@4c37b5b, [ImportsContextCustomizer@2c0f7678 key = [@org.springframework.test.context.BootstrapWith(org.springframework.boot.test.context.SpringBootTestContextBootstrapper.class), @org.springframework.context.annotation.Import({org.springframework.boot.autoconfigure.ImportAutoConfigurationImportSelector.class}), @org.springframework.boot.test.autoconfigure.properties.PropertyMapping(value="spring.test.mockmvc", skip=NO), @org.springframework.boot.test.context.SpringBootTest(args={}, webEnvironment=MOCK, value={}, properties={}, classes={}), @org.springframework.boot.test.autoconfigure.web.servlet.AutoConfigureMockMvc(webDriverEnabled=true, print=DEFAULT, webClientEnabled=true, addFilters=true, printOnlyOnFailure=true), @org.springframework.boot.autoconfigure.ImportAutoConfiguration(value={}, exclude={}, classes={}), @org.springframework.boot.test.autoconfigure.restdocs.AutoConfigureRestDocs(uriScheme="http", outputDir="", uriPort=8080, value="", uriHost="localhost"), @org.springframework.boot.test.autoconfigure.properties.PropertyMapping(value="spring.test.restdocs", skip=NO), @org.springframework.context.annotation.Import({org.springframework.boot.test.autoconfigure.restdocs.RestDocumentationContextProviderRegistrar.class})]], org.springframework.boot.test.context.filter.ExcludeFilterContextCustomizer@773f7880, org.springframework.boot.test.json.DuplicateJsonObjectContextCustomizerFactory$DuplicateJsonObjectContextCustomizer@42a9e5d1, org.springframework.boot.test.mock.mockito.MockitoContextCustomizer@0, org.springframework.boot.test.web.client.TestRestTemplateContextCustomizer@28d6290, org.springframework.boot.test.context.SpringBootTestArgs@1, org.springframework.boot.test.context.SpringBootTestWebEnvironment@4fa1c212], resourceBasePath = 'src/main/webapp', contextLoader = 'org.springframework.boot.test.context.SpringBootContextLoader', parent = [null]], attributes = map['org.springframework.test.context.web.ServletTestExecutionListener.activateListener' -> true, 'org.springframework.test.context.web.ServletTestExecutionListener.populatedRequestContextHolder' -> true, 'org.springframework.test.context.web.ServletTestExecutionListener.resetRequestContextHolder' -> true, 'org.springframework.test.context.event.ApplicationEventsTestExecutionListener.recordApplicationEvents' -> false]]; transaction manager [org.springframework.orm.jpa.JpaTransactionManager@135f760a]; rollback [true]
2022-10-09 00:29:24.823  INFO 34009 --- [    Test worker] c.e.gccoffee.Service.ProductServiceImpl  : Product saved with 
 ID => null 
 Name => 테스트콩 
 Category => BEAN 
 price => 1000 
 quantity => 15
req = {"id":null,"email":"email@naver.com","address":"address","postcode":"postcode","orderItems":[{"createdAt":null,"updatedAt":null,"id":null,"product":{"createdAt":"2022-10-09T00:29:24.838321","updatedAt":"2022-10-09T00:29:24.838321","productId":"f4361d3e-1032-4b11-a8b3-10140b4a15a5","productName":"테스트콩","category":"BEAN","description":"테스트용","price":1000,"quantity":14},"order":null,"orderPrice":1000,"count":1,"totalPrice":1000}],"orderStatus":"ACCEPTED","price":0,"createdAt":null,"updatedAt":null}
json = [{createdAt=null, updatedAt=null, id=null, product={createdAt=2022-10-09T00:29:24.838321, updatedAt=2022-10-09T00:29:24.838321, productId=f4361d3e-1032-4b11-a8b3-10140b4a15a5, productName=테스트콩, category=BEAN, description=테스트용, price=1000, quantity=14}, order=null, orderPrice=1000, count=1, totalPrice=1000}]
json type = class java.util.ArrayList
2022-10-09 00:29:24.932  INFO 34009 --- [    Test worker] c.e.g.Controller.OrderRestController     : Order Requested : OrderDTO(id=null, email=email@naver.com, address=address, postcode=postcode, orderItems=[OrderItem(id=null, product=Product(productId=f4361d3e-1032-4b11-a8b3-10140b4a15a5, productName=테스트콩, category=BEAN, description=테스트용, price=1000, quantity=0), order=null, orderPrice=1000, count=14)], orderStatus=ACCEPTED, price=0, createdAt=null, updatedAt=null)
Got Param(Address) => address
Got Param(postCode) => postcode 
Got Param(email) => email@naver.com
Got Param(orderItems) =>[OrderItem(id=null, product=Product(productId=f4361d3e-1032-4b11-a8b3-10140b4a15a5, productName=테스트콩, category=BEAN, description=테스트용, price=1000, quantity=0), order=null, orderPrice=1000, count=14)]
 
Hibernate: insert into product (created_at, updated_at, category, description, price, product_name, quantity, product_id) values (?, ?, ?, ?, ?, ?, ?, ?)
Hibernate: update product set updated_at=?, category=?, description=?, price=?, product_name=?, quantity=? where product_id=?
Hibernate: SELECT * from ORDERS WHERE email = ? AND CREATED_AT BETWEEN DATE_SUB(DATE_FORMAT(?,'%Y-%m-%d 14:00:00'), INTERVAL 1 DAY) AND DATE_FORMAT(?,'%Y-%m-%d 14:00:00')
2022-10-09 00:29:24.967  INFO 34009 --- [    Test worker] c.e.gccoffee.Service.OrderServiceImpl    : New Order Created : Optional[com.example.gccoffee.model.Order@2181144e]
2022-10-09 00:29:25.037  INFO 34009 --- [    Test worker] o.s.t.c.transaction.TransactionContext   : Rolled back transaction for test: [DefaultTestContext@7d2a6eac testClass = OrderRestControllerTest, testInstance = com.example.gccoffee.Controller.OrderRestControllerTest@509bf2d5, testMethod = orderTest@OrderRestControllerTest, testException = [null], mergedContextConfiguration = [WebMergedContextConfiguration@18ca3c62 testClass = OrderRestControllerTest, locations = '{}', classes = '{class com.example.gccoffee.GcCoffeeApplication}', contextInitializerClasses = '[]', activeProfiles = '{}', propertySourceLocations = '{}', propertySourceProperties = '{org.springframework.boot.test.context.SpringBootTestContextBootstrapper=true}', contextCustomizers = set[org.springframework.boot.test.autoconfigure.actuate.metrics.MetricsExportContextCustomizerFactory$DisableMetricExportContextCustomizer@37bd68c3, org.springframework.boot.test.autoconfigure.properties.PropertyMappingContextCustomizer@63da79bb, org.springframework.boot.test.autoconfigure.web.servlet.WebDriverContextCustomizerFactory$Customizer@4c37b5b, [ImportsContextCustomizer@2c0f7678 key = [@org.springframework.test.context.BootstrapWith(org.springframework.boot.test.context.SpringBootTestContextBootstrapper.class), @org.springframework.context.annotation.Import({org.springframework.boot.autoconfigure.ImportAutoConfigurationImportSelector.class}), @org.springframework.boot.test.autoconfigure.properties.PropertyMapping(value="spring.test.mockmvc", skip=NO), @org.springframework.boot.test.context.SpringBootTest(args={}, webEnvironment=MOCK, value={}, properties={}, classes={}), @org.springframework.boot.test.autoconfigure.web.servlet.AutoConfigureMockMvc(webDriverEnabled=true, print=DEFAULT, webClientEnabled=true, addFilters=true, printOnlyOnFailure=true), @org.springframework.boot.autoconfigure.ImportAutoConfiguration(value={}, exclude={}, classes={}), @org.springframework.boot.test.autoconfigure.restdocs.AutoConfigureRestDocs(uriScheme="http", outputDir="", uriPort=8080, value="", uriHost="localhost"), @org.springframework.boot.test.autoconfigure.properties.PropertyMapping(value="spring.test.restdocs", skip=NO), @org.springframework.context.annotation.Import({org.springframework.boot.test.autoconfigure.restdocs.RestDocumentationContextProviderRegistrar.class})]], org.springframework.boot.test.context.filter.ExcludeFilterContextCustomizer@773f7880, org.springframework.boot.test.json.DuplicateJsonObjectContextCustomizerFactory$DuplicateJsonObjectContextCustomizer@42a9e5d1, org.springframework.boot.test.mock.mockito.MockitoContextCustomizer@0, org.springframework.boot.test.web.client.TestRestTemplateContextCustomizer@28d6290, org.springframework.boot.test.context.SpringBootTestArgs@1, org.springframework.boot.test.context.SpringBootTestWebEnvironment@4fa1c212], resourceBasePath = 'src/main/webapp', contextLoader = 'org.springframework.boot.test.context.SpringBootContextLoader', parent = [null]], attributes = map['org.springframework.test.context.web.ServletTestExecutionListener.activateListener' -> true, 'org.springframework.test.context.web.ServletTestExecutionListener.populatedRequestContextHolder' -> true, 'org.springframework.test.context.web.ServletTestExecutionListener.resetRequestContextHolder' -> true, 'org.springframework.test.context.event.ApplicationEventsTestExecutionListener.recordApplicationEvents' -> false]]
]]></system-out>
  <system-err><![CDATA[]]></system-err>
</testsuite>
