<?xml version="1.0" encoding="UTF-8"?>
<testsuite name="com.example.gccoffee.Controller.OrderRestControllerTest" tests="1" skipped="0" failures="0" errors="0" timestamp="2022-10-09T08:36:24" hostname="igyeong-wons-MacBook-Pro.local" time="0.27">
  <properties/>
  <testcase name="주문 API 테스트" classname="com.example.gccoffee.Controller.OrderRestControllerTest" time="0.27"/>
  <system-out><![CDATA[17:36:22.682 [Test worker] DEBUG org.springframework.test.context.BootstrapUtils - Instantiating CacheAwareContextLoaderDelegate from class [org.springframework.test.context.cache.DefaultCacheAwareContextLoaderDelegate]
17:36:22.687 [Test worker] DEBUG org.springframework.test.context.BootstrapUtils - Instantiating BootstrapContext using constructor [public org.springframework.test.context.support.DefaultBootstrapContext(java.lang.Class,org.springframework.test.context.CacheAwareContextLoaderDelegate)]
17:36:22.701 [Test worker] DEBUG org.springframework.test.context.BootstrapUtils - Instantiating TestContextBootstrapper for test class [com.example.gccoffee.Controller.OrderRestControllerTest] from class [org.springframework.boot.test.context.SpringBootTestContextBootstrapper]
17:36:22.705 [Test worker] INFO org.springframework.boot.test.context.SpringBootTestContextBootstrapper - Neither @ContextConfiguration nor @ContextHierarchy found for test class [com.example.gccoffee.Controller.OrderRestControllerTest], using SpringBootContextLoader
17:36:22.707 [Test worker] DEBUG org.springframework.test.context.support.AbstractContextLoader - Did not detect default resource location for test class [com.example.gccoffee.Controller.OrderRestControllerTest]: class path resource [com/example/gccoffee/Controller/OrderRestControllerTest-context.xml] does not exist
17:36:22.707 [Test worker] DEBUG org.springframework.test.context.support.AbstractContextLoader - Did not detect default resource location for test class [com.example.gccoffee.Controller.OrderRestControllerTest]: class path resource [com/example/gccoffee/Controller/OrderRestControllerTestContext.groovy] does not exist
17:36:22.707 [Test worker] INFO org.springframework.test.context.support.AbstractContextLoader - Could not detect default resource locations for test class [com.example.gccoffee.Controller.OrderRestControllerTest]: no resource found for suffixes {-context.xml, Context.groovy}.
17:36:22.707 [Test worker] INFO org.springframework.test.context.support.AnnotationConfigContextLoaderUtils - Could not detect default configuration classes for test class [com.example.gccoffee.Controller.OrderRestControllerTest]: OrderRestControllerTest does not declare any static, non-private, non-final, nested classes annotated with @Configuration.
17:36:22.734 [Test worker] DEBUG org.springframework.test.context.support.ActiveProfilesUtils - Could not find an 'annotation declaring class' for annotation type [org.springframework.test.context.ActiveProfiles] and class [com.example.gccoffee.Controller.OrderRestControllerTest]
17:36:22.763 [Test worker] DEBUG org.springframework.context.annotation.ClassPathScanningCandidateComponentProvider - Identified candidate component class: file [/Users/kyeong/dev/java/Grids-Circles-Clone-APIServer/backend/build/classes/java/main/com/example/gccoffee/GcCoffeeApplication.class]
17:36:22.763 [Test worker] INFO org.springframework.boot.test.context.SpringBootTestContextBootstrapper - Found @SpringBootConfiguration com.example.gccoffee.GcCoffeeApplication for test class com.example.gccoffee.Controller.OrderRestControllerTest
17:36:22.803 [Test worker] DEBUG org.springframework.boot.test.context.SpringBootTestContextBootstrapper - @TestExecutionListeners is not present for class [com.example.gccoffee.Controller.OrderRestControllerTest]: using defaults.
17:36:22.803 [Test worker] INFO org.springframework.boot.test.context.SpringBootTestContextBootstrapper - Loaded default TestExecutionListener class names from location [META-INF/spring.factories]: [org.springframework.boot.test.autoconfigure.restdocs.RestDocsTestExecutionListener, org.springframework.boot.test.autoconfigure.web.client.MockRestServiceServerResetTestExecutionListener, org.springframework.boot.test.autoconfigure.web.servlet.MockMvcPrintOnlyOnFailureTestExecutionListener, org.springframework.boot.test.autoconfigure.web.servlet.WebDriverTestExecutionListener, org.springframework.boot.test.autoconfigure.webservices.client.MockWebServiceServerTestExecutionListener, org.springframework.boot.test.mock.mockito.MockitoTestExecutionListener, org.springframework.boot.test.mock.mockito.ResetMocksTestExecutionListener, org.springframework.test.context.web.ServletTestExecutionListener, org.springframework.test.context.support.DirtiesContextBeforeModesTestExecutionListener, org.springframework.test.context.event.ApplicationEventsTestExecutionListener, org.springframework.test.context.support.DependencyInjectionTestExecutionListener, org.springframework.test.context.support.DirtiesContextTestExecutionListener, org.springframework.test.context.transaction.TransactionalTestExecutionListener, org.springframework.test.context.jdbc.SqlScriptsTestExecutionListener, org.springframework.test.context.event.EventPublishingTestExecutionListener]
17:36:22.809 [Test worker] INFO org.springframework.boot.test.context.SpringBootTestContextBootstrapper - Using TestExecutionListeners: [org.springframework.test.context.web.ServletTestExecutionListener@405325cf, org.springframework.test.context.support.DirtiesContextBeforeModesTestExecutionListener@3e1162e7, org.springframework.test.context.event.ApplicationEventsTestExecutionListener@79c3f01f, org.springframework.boot.test.mock.mockito.MockitoTestExecutionListener@6c2f1700, org.springframework.boot.test.autoconfigure.SpringBootDependencyInjectionTestExecutionListener@350b3a17, org.springframework.test.context.support.DirtiesContextTestExecutionListener@38600b, org.springframework.test.context.transaction.TransactionalTestExecutionListener@669d2b1b, org.springframework.test.context.jdbc.SqlScriptsTestExecutionListener@721eb7df, org.springframework.test.context.event.EventPublishingTestExecutionListener@1ea9f009, org.springframework.boot.test.autoconfigure.restdocs.RestDocsTestExecutionListener@5d52e3ef, org.springframework.boot.test.autoconfigure.web.client.MockRestServiceServerResetTestExecutionListener@5298dead, org.springframework.boot.test.autoconfigure.web.servlet.MockMvcPrintOnlyOnFailureTestExecutionListener@553f3b6e, org.springframework.boot.test.autoconfigure.web.servlet.WebDriverTestExecutionListener@4c7a078, org.springframework.boot.test.autoconfigure.webservices.client.MockWebServiceServerTestExecutionListener@4e406694, org.springframework.boot.test.mock.mockito.ResetMocksTestExecutionListener@5ab9b447]
17:36:22.811 [Test worker] DEBUG org.springframework.test.context.support.AbstractDirtiesContextTestExecutionListener - Before test class: context [DefaultTestContext@5f574cc2 testClass = OrderRestControllerTest, testInstance = [null], testMethod = [null], testException = [null], mergedContextConfiguration = [WebMergedContextConfiguration@680bddf5 testClass = OrderRestControllerTest, locations = '{}', classes = '{class com.example.gccoffee.GcCoffeeApplication}', contextInitializerClasses = '[]', activeProfiles = '{}', propertySourceLocations = '{}', propertySourceProperties = '{org.springframework.boot.test.context.SpringBootTestContextBootstrapper=true}', contextCustomizers = set[org.springframework.boot.test.autoconfigure.actuate.metrics.MetricsExportContextCustomizerFactory$DisableMetricExportContextCustomizer@f79a760, org.springframework.boot.test.autoconfigure.properties.PropertyMappingContextCustomizer@63da79bb, org.springframework.boot.test.autoconfigure.web.servlet.WebDriverContextCustomizerFactory$Customizer@7a527389, [ImportsContextCustomizer@7a9c84a5 key = [@org.springframework.test.context.BootstrapWith(org.springframework.boot.test.context.SpringBootTestContextBootstrapper.class), @org.springframework.boot.test.autoconfigure.web.servlet.AutoConfigureMockMvc(webDriverEnabled=true, print=DEFAULT, webClientEnabled=true, addFilters=true, printOnlyOnFailure=true), @org.springframework.boot.test.context.SpringBootTest(args={}, webEnvironment=MOCK, value={}, properties={}, classes={}), @org.springframework.context.annotation.Import({org.springframework.boot.autoconfigure.ImportAutoConfigurationImportSelector.class}), @org.springframework.boot.autoconfigure.ImportAutoConfiguration(value={}, exclude={}, classes={}), @org.springframework.context.annotation.Import({org.springframework.boot.test.autoconfigure.restdocs.RestDocumentationContextProviderRegistrar.class}), @org.springframework.boot.test.autoconfigure.properties.PropertyMapping(value="spring.test.restdocs", skip=NO), @org.springframework.boot.test.autoconfigure.restdocs.AutoConfigureRestDocs(uriScheme="http", outputDir="", uriPort=8080, value="", uriHost="localhost"), @org.springframework.boot.test.autoconfigure.properties.PropertyMapping(value="spring.test.mockmvc", skip=NO)]], org.springframework.boot.test.context.filter.ExcludeFilterContextCustomizer@69637b10, org.springframework.boot.test.json.DuplicateJsonObjectContextCustomizerFactory$DuplicateJsonObjectContextCustomizer@6c8bca63, org.springframework.boot.test.mock.mockito.MockitoContextCustomizer@0, org.springframework.boot.test.web.client.TestRestTemplateContextCustomizer@40258c2f, org.springframework.boot.test.context.SpringBootTestArgs@1, org.springframework.boot.test.context.SpringBootTestWebEnvironment@6692b6c6], resourceBasePath = 'src/main/webapp', contextLoader = 'org.springframework.boot.test.context.SpringBootContextLoader', parent = [null]], attributes = map['org.springframework.test.context.web.ServletTestExecutionListener.activateListener' -> true]], class annotated with @DirtiesContext [false] with mode [null].

  .   ____          _            __ _ _
 /\\ / ___'_ __ _ _(_)_ __  __ _ \ \ \ \
( ( )\___ | '_ | '_| | '_ \/ _` | \ \ \ \
 \\/  ___)| |_)| | | | | || (_| |  ) ) ) )
  '  |____| .__|_| |_|_| |_\__, | / / / /
 =========|_|==============|___/=/_/_/_/
 :: Spring Boot ::                (v2.7.3)

2022-10-09 17:36:22.958  INFO 38614 --- [    Test worker] c.e.g.C.OrderRestControllerTest          : Starting OrderRestControllerTest using Java 15.0.5 on igyeong-wons-MacBook-Pro.local with PID 38614 (started by kyeong in /Users/kyeong/dev/java/Grids-Circles-Clone-APIServer/backend)
2022-10-09 17:36:22.958  INFO 38614 --- [    Test worker] c.e.g.C.OrderRestControllerTest          : No active profile set, falling back to 1 default profile: "default"
2022-10-09 17:36:23.225  INFO 38614 --- [    Test worker] .s.d.r.c.RepositoryConfigurationDelegate : Bootstrapping Spring Data JPA repositories in DEFAULT mode.
2022-10-09 17:36:23.248  INFO 38614 --- [    Test worker] .s.d.r.c.RepositoryConfigurationDelegate : Finished Spring Data repository scanning in 20 ms. Found 2 JPA repository interfaces.
2022-10-09 17:36:23.466  INFO 38614 --- [    Test worker] o.hibernate.jpa.internal.util.LogHelper  : HHH000204: Processing PersistenceUnitInfo [name: default]
2022-10-09 17:36:23.482  INFO 38614 --- [    Test worker] org.hibernate.Version                    : HHH000412: Hibernate ORM core version 5.6.10.Final
2022-10-09 17:36:23.556  INFO 38614 --- [    Test worker] o.hibernate.annotations.common.Version   : HCANN000001: Hibernate Commons Annotations {5.1.2.Final}
2022-10-09 17:36:23.600  INFO 38614 --- [    Test worker] com.zaxxer.hikari.HikariDataSource       : HikariPool-1 - Starting...
2022-10-09 17:36:23.768  INFO 38614 --- [    Test worker] com.zaxxer.hikari.HikariDataSource       : HikariPool-1 - Start completed.
2022-10-09 17:36:23.781  INFO 38614 --- [    Test worker] org.hibernate.dialect.Dialect            : HHH000400: Using dialect: org.hibernate.dialect.MySQL8Dialect
Hibernate: alter table order_item drop foreign key FKt4dc2r9nbvbujrljv3e23iibt
Hibernate: alter table order_item drop foreign key FK551losx9j75ss5d6bfsqvijna
Hibernate: drop table if exists order_item
Hibernate: drop table if exists orders
Hibernate: drop table if exists product
Hibernate: create table order_item (order_item_id BINARY(16) not null, created_at datetime(6), updated_at datetime(6), count integer not null, order_price bigint not null, order_id BINARY(16), product_id BINARY(16), primary key (order_item_id)) engine=InnoDB
Hibernate: create table orders (id BINARY(16) not null, created_at datetime(6), updated_at datetime(6), address varchar(255), email varchar(255), order_status integer, postcode varchar(255), primary key (id)) engine=InnoDB
Hibernate: create table product (product_id BINARY(16) not null, created_at datetime(6), updated_at datetime(6), category integer, description BLOB, price bigint not null, product_name varchar(255), quantity integer not null, primary key (product_id)) engine=InnoDB
Hibernate: alter table order_item add constraint FKt4dc2r9nbvbujrljv3e23iibt foreign key (order_id) references orders (id)
Hibernate: alter table order_item add constraint FK551losx9j75ss5d6bfsqvijna foreign key (product_id) references product (product_id)
2022-10-09 17:36:24.132  INFO 38614 --- [    Test worker] o.h.e.t.j.p.i.JtaPlatformInitiator       : HHH000490: Using JtaPlatform implementation: [org.hibernate.engine.transaction.jta.platform.internal.NoJtaPlatform]
2022-10-09 17:36:24.136  INFO 38614 --- [    Test worker] j.LocalContainerEntityManagerFactoryBean : Initialized JPA EntityManagerFactory for persistence unit 'default'
2022-10-09 17:36:24.448  INFO 38614 --- [    Test worker] o.s.s.web.DefaultSecurityFilterChain     : Will secure any request with [org.springframework.security.web.session.DisableEncodeUrlFilter@1e4bf55b, org.springframework.security.web.context.request.async.WebAsyncManagerIntegrationFilter@60510791, org.springframework.security.web.context.SecurityContextPersistenceFilter@2c8c42c, org.springframework.security.web.header.HeaderWriterFilter@76641439, org.springframework.security.web.authentication.logout.LogoutFilter@7137cd14, org.springframework.security.web.authentication.UsernamePasswordAuthenticationFilter@1c000c2f, org.springframework.security.web.authentication.ui.DefaultLoginPageGeneratingFilter@13f10967, org.springframework.security.web.authentication.ui.DefaultLogoutPageGeneratingFilter@15d68a50, org.springframework.security.web.savedrequest.RequestCacheAwareFilter@70ca8e72, org.springframework.security.web.servletapi.SecurityContextHolderAwareRequestFilter@34e7cde3, org.springframework.security.web.authentication.AnonymousAuthenticationFilter@a1689e8, org.springframework.security.web.session.SessionManagementFilter@58267ba1, org.springframework.security.web.access.ExceptionTranslationFilter@6fd07a56, org.springframework.security.web.access.intercept.FilterSecurityInterceptor@22c0c0bc]
2022-10-09 17:36:24.540  WARN 38614 --- [    Test worker] JpaBaseConfiguration$JpaWebConfiguration : spring.jpa.open-in-view is enabled by default. Therefore, database queries may be performed during view rendering. Explicitly configure spring.jpa.open-in-view to disable this warning
2022-10-09 17:36:24.638  INFO 38614 --- [    Test worker] o.s.b.a.w.s.WelcomePageHandlerMapping    : Adding welcome page template: index
2022-10-09 17:36:24.791  INFO 38614 --- [    Test worker] o.s.b.t.m.w.SpringBootMockServletContext : Initializing Spring TestDispatcherServlet ''
2022-10-09 17:36:24.791  INFO 38614 --- [    Test worker] o.s.t.web.servlet.TestDispatcherServlet  : Initializing Servlet ''
2022-10-09 17:36:24.792  INFO 38614 --- [    Test worker] o.s.t.web.servlet.TestDispatcherServlet  : Completed initialization in 1 ms
2022-10-09 17:36:24.806  INFO 38614 --- [    Test worker] c.e.g.C.OrderRestControllerTest          : Started OrderRestControllerTest in 1.981 seconds (JVM running for 2.498)
2022-10-09 17:36:24.819  INFO 38614 --- [    Test worker] o.s.t.c.transaction.TransactionContext   : Began transaction (1) for test context [DefaultTestContext@5f574cc2 testClass = OrderRestControllerTest, testInstance = com.example.gccoffee.Controller.OrderRestControllerTest@509bf2d5, testMethod = orderTest@OrderRestControllerTest, testException = [null], mergedContextConfiguration = [WebMergedContextConfiguration@680bddf5 testClass = OrderRestControllerTest, locations = '{}', classes = '{class com.example.gccoffee.GcCoffeeApplication}', contextInitializerClasses = '[]', activeProfiles = '{}', propertySourceLocations = '{}', propertySourceProperties = '{org.springframework.boot.test.context.SpringBootTestContextBootstrapper=true}', contextCustomizers = set[org.springframework.boot.test.autoconfigure.actuate.metrics.MetricsExportContextCustomizerFactory$DisableMetricExportContextCustomizer@f79a760, org.springframework.boot.test.autoconfigure.properties.PropertyMappingContextCustomizer@63da79bb, org.springframework.boot.test.autoconfigure.web.servlet.WebDriverContextCustomizerFactory$Customizer@7a527389, [ImportsContextCustomizer@7a9c84a5 key = [@org.springframework.test.context.BootstrapWith(org.springframework.boot.test.context.SpringBootTestContextBootstrapper.class), @org.springframework.boot.test.autoconfigure.web.servlet.AutoConfigureMockMvc(webDriverEnabled=true, print=DEFAULT, webClientEnabled=true, addFilters=true, printOnlyOnFailure=true), @org.springframework.boot.test.context.SpringBootTest(args={}, webEnvironment=MOCK, value={}, properties={}, classes={}), @org.springframework.context.annotation.Import({org.springframework.boot.autoconfigure.ImportAutoConfigurationImportSelector.class}), @org.springframework.boot.autoconfigure.ImportAutoConfiguration(value={}, exclude={}, classes={}), @org.springframework.context.annotation.Import({org.springframework.boot.test.autoconfigure.restdocs.RestDocumentationContextProviderRegistrar.class}), @org.springframework.boot.test.autoconfigure.properties.PropertyMapping(value="spring.test.restdocs", skip=NO), @org.springframework.boot.test.autoconfigure.restdocs.AutoConfigureRestDocs(uriScheme="http", outputDir="", uriPort=8080, value="", uriHost="localhost"), @org.springframework.boot.test.autoconfigure.properties.PropertyMapping(value="spring.test.mockmvc", skip=NO)]], org.springframework.boot.test.context.filter.ExcludeFilterContextCustomizer@69637b10, org.springframework.boot.test.json.DuplicateJsonObjectContextCustomizerFactory$DuplicateJsonObjectContextCustomizer@6c8bca63, org.springframework.boot.test.mock.mockito.MockitoContextCustomizer@0, org.springframework.boot.test.web.client.TestRestTemplateContextCustomizer@40258c2f, org.springframework.boot.test.context.SpringBootTestArgs@1, org.springframework.boot.test.context.SpringBootTestWebEnvironment@6692b6c6], resourceBasePath = 'src/main/webapp', contextLoader = 'org.springframework.boot.test.context.SpringBootContextLoader', parent = [null]], attributes = map['org.springframework.test.context.web.ServletTestExecutionListener.activateListener' -> true, 'org.springframework.test.context.web.ServletTestExecutionListener.populatedRequestContextHolder' -> true, 'org.springframework.test.context.web.ServletTestExecutionListener.resetRequestContextHolder' -> true, 'org.springframework.test.context.event.ApplicationEventsTestExecutionListener.recordApplicationEvents' -> false]]; transaction manager [org.springframework.orm.jpa.JpaTransactionManager@135f760a]; rollback [true]
2022-10-09 17:36:24.897  INFO 38614 --- [    Test worker] c.e.gccoffee.Service.ProductServiceImpl  : Product saved with 
 ID => null 
 Name => 테스트콩 
 Category => BEAN 
 price => 1000 
 quantity => 15
req = {"id":null,"email":"email@naver.com","address":"address","postcode":"postcode","orderItems":[{"createdAt":null,"updatedAt":null,"id":null,"product":{"createdAt":"2022-10-09T17:36:24.908521","updatedAt":"2022-10-09T17:36:24.908521","productId":"3c72784b-5028-40e8-93ce-f9b3e6fd954c","productName":"테스트콩","category":"BEAN","description":"테스트용","price":1000,"quantity":14},"order":null,"orderPrice":1000,"count":1,"totalPrice":1000}],"orderStatus":"ACCEPTED","price":0,"createdAt":null,"updatedAt":null}
json = [{createdAt=null, updatedAt=null, id=null, product={createdAt=2022-10-09T17:36:24.908521, updatedAt=2022-10-09T17:36:24.908521, productId=3c72784b-5028-40e8-93ce-f9b3e6fd954c, productName=테스트콩, category=BEAN, description=테스트용, price=1000, quantity=14}, order=null, orderPrice=1000, count=1, totalPrice=1000}]
json type = class java.util.ArrayList
2022-10-09 17:36:24.982  INFO 38614 --- [    Test worker] c.e.g.Controller.OrderRestController     : Order Requested : OrderDTO(id=null, email=email@naver.com, address=address, postcode=postcode, orderItems=[OrderItem(id=null, product=Product(productId=3c72784b-5028-40e8-93ce-f9b3e6fd954c, productName=테스트콩, category=BEAN, description=테스트용, price=1000, quantity=0), order=null, orderPrice=1000, count=14)], orderStatus=ACCEPTED, price=0, createdAt=null, updatedAt=null)
Got Param(Address) => address
Got Param(postCode) => postcode 
Got Param(email) => email@naver.com
Got Param(orderItems) =>[OrderItem(id=null, product=Product(productId=3c72784b-5028-40e8-93ce-f9b3e6fd954c, productName=테스트콩, category=BEAN, description=테스트용, price=1000, quantity=0), order=null, orderPrice=1000, count=14)]
 
Hibernate: insert into product (created_at, updated_at, category, description, price, product_name, quantity, product_id) values (?, ?, ?, ?, ?, ?, ?, ?)
Hibernate: update product set updated_at=?, category=?, description=?, price=?, product_name=?, quantity=? where product_id=?
Hibernate: select * from Orders  WHERE email = ? AND created_at > DATE_FORMAT(?,'%Y-%m-%d 14:00:00')
2022-10-09 17:36:25.019  INFO 38614 --- [    Test worker] c.e.gccoffee.Service.OrderServiceImpl    : New Order Created : Optional[com.example.gccoffee.model.Order@14cf30b3]
2022-10-09 17:36:25.083  INFO 38614 --- [    Test worker] o.s.t.c.transaction.TransactionContext   : Rolled back transaction for test: [DefaultTestContext@5f574cc2 testClass = OrderRestControllerTest, testInstance = com.example.gccoffee.Controller.OrderRestControllerTest@509bf2d5, testMethod = orderTest@OrderRestControllerTest, testException = [null], mergedContextConfiguration = [WebMergedContextConfiguration@680bddf5 testClass = OrderRestControllerTest, locations = '{}', classes = '{class com.example.gccoffee.GcCoffeeApplication}', contextInitializerClasses = '[]', activeProfiles = '{}', propertySourceLocations = '{}', propertySourceProperties = '{org.springframework.boot.test.context.SpringBootTestContextBootstrapper=true}', contextCustomizers = set[org.springframework.boot.test.autoconfigure.actuate.metrics.MetricsExportContextCustomizerFactory$DisableMetricExportContextCustomizer@f79a760, org.springframework.boot.test.autoconfigure.properties.PropertyMappingContextCustomizer@63da79bb, org.springframework.boot.test.autoconfigure.web.servlet.WebDriverContextCustomizerFactory$Customizer@7a527389, [ImportsContextCustomizer@7a9c84a5 key = [@org.springframework.test.context.BootstrapWith(org.springframework.boot.test.context.SpringBootTestContextBootstrapper.class), @org.springframework.boot.test.autoconfigure.web.servlet.AutoConfigureMockMvc(webDriverEnabled=true, print=DEFAULT, webClientEnabled=true, addFilters=true, printOnlyOnFailure=true), @org.springframework.boot.test.context.SpringBootTest(args={}, webEnvironment=MOCK, value={}, properties={}, classes={}), @org.springframework.context.annotation.Import({org.springframework.boot.autoconfigure.ImportAutoConfigurationImportSelector.class}), @org.springframework.boot.autoconfigure.ImportAutoConfiguration(value={}, exclude={}, classes={}), @org.springframework.context.annotation.Import({org.springframework.boot.test.autoconfigure.restdocs.RestDocumentationContextProviderRegistrar.class}), @org.springframework.boot.test.autoconfigure.properties.PropertyMapping(value="spring.test.restdocs", skip=NO), @org.springframework.boot.test.autoconfigure.restdocs.AutoConfigureRestDocs(uriScheme="http", outputDir="", uriPort=8080, value="", uriHost="localhost"), @org.springframework.boot.test.autoconfigure.properties.PropertyMapping(value="spring.test.mockmvc", skip=NO)]], org.springframework.boot.test.context.filter.ExcludeFilterContextCustomizer@69637b10, org.springframework.boot.test.json.DuplicateJsonObjectContextCustomizerFactory$DuplicateJsonObjectContextCustomizer@6c8bca63, org.springframework.boot.test.mock.mockito.MockitoContextCustomizer@0, org.springframework.boot.test.web.client.TestRestTemplateContextCustomizer@40258c2f, org.springframework.boot.test.context.SpringBootTestArgs@1, org.springframework.boot.test.context.SpringBootTestWebEnvironment@6692b6c6], resourceBasePath = 'src/main/webapp', contextLoader = 'org.springframework.boot.test.context.SpringBootContextLoader', parent = [null]], attributes = map['org.springframework.test.context.web.ServletTestExecutionListener.activateListener' -> true, 'org.springframework.test.context.web.ServletTestExecutionListener.populatedRequestContextHolder' -> true, 'org.springframework.test.context.web.ServletTestExecutionListener.resetRequestContextHolder' -> true, 'org.springframework.test.context.event.ApplicationEventsTestExecutionListener.recordApplicationEvents' -> false]]
]]></system-out>
  <system-err><![CDATA[]]></system-err>
</testsuite>
