<?xml version="1.0" encoding="UTF-8"?>
<testsuite name="com.example.gccoffee.Service.ProductServiceImplTest" tests="1" skipped="0" failures="0" errors="0" timestamp="2022-09-13T01:50:40" hostname="igyeong-wons-MacBook-Pro.local" time="0.124">
  <properties/>
  <testcase name="카테고리 검색 테스트" classname="com.example.gccoffee.Service.ProductServiceImplTest" time="0.124"/>
  <system-out><![CDATA[10:50:38.548 [Test worker] DEBUG org.springframework.test.context.BootstrapUtils - Instantiating CacheAwareContextLoaderDelegate from class [org.springframework.test.context.cache.DefaultCacheAwareContextLoaderDelegate]
10:50:38.558 [Test worker] DEBUG org.springframework.test.context.BootstrapUtils - Instantiating BootstrapContext using constructor [public org.springframework.test.context.support.DefaultBootstrapContext(java.lang.Class,org.springframework.test.context.CacheAwareContextLoaderDelegate)]
10:50:38.587 [Test worker] DEBUG org.springframework.test.context.BootstrapUtils - Instantiating TestContextBootstrapper for test class [com.example.gccoffee.Service.ProductServiceImplTest] from class [org.springframework.boot.test.context.SpringBootTestContextBootstrapper]
10:50:38.595 [Test worker] INFO org.springframework.boot.test.context.SpringBootTestContextBootstrapper - Neither @ContextConfiguration nor @ContextHierarchy found for test class [com.example.gccoffee.Service.ProductServiceImplTest], using SpringBootContextLoader
10:50:38.599 [Test worker] DEBUG org.springframework.test.context.support.AbstractContextLoader - Did not detect default resource location for test class [com.example.gccoffee.Service.ProductServiceImplTest]: class path resource [com/example/gccoffee/Service/ProductServiceImplTest-context.xml] does not exist
10:50:38.599 [Test worker] DEBUG org.springframework.test.context.support.AbstractContextLoader - Did not detect default resource location for test class [com.example.gccoffee.Service.ProductServiceImplTest]: class path resource [com/example/gccoffee/Service/ProductServiceImplTestContext.groovy] does not exist
10:50:38.599 [Test worker] INFO org.springframework.test.context.support.AbstractContextLoader - Could not detect default resource locations for test class [com.example.gccoffee.Service.ProductServiceImplTest]: no resource found for suffixes {-context.xml, Context.groovy}.
10:50:38.600 [Test worker] INFO org.springframework.test.context.support.AnnotationConfigContextLoaderUtils - Could not detect default configuration classes for test class [com.example.gccoffee.Service.ProductServiceImplTest]: ProductServiceImplTest does not declare any static, non-private, non-final, nested classes annotated with @Configuration.
10:50:38.643 [Test worker] DEBUG org.springframework.test.context.support.ActiveProfilesUtils - Could not find an 'annotation declaring class' for annotation type [org.springframework.test.context.ActiveProfiles] and class [com.example.gccoffee.Service.ProductServiceImplTest]
10:50:38.719 [Test worker] DEBUG org.springframework.context.annotation.ClassPathScanningCandidateComponentProvider - Identified candidate component class: file [/Users/kyeong/dev/java/Grids-Circles-Clone-APIServer/build/classes/java/main/com/example/gccoffee/GcCoffeeApplication.class]
10:50:38.720 [Test worker] INFO org.springframework.boot.test.context.SpringBootTestContextBootstrapper - Found @SpringBootConfiguration com.example.gccoffee.GcCoffeeApplication for test class com.example.gccoffee.Service.ProductServiceImplTest
10:50:38.804 [Test worker] DEBUG org.springframework.boot.test.context.SpringBootTestContextBootstrapper - @TestExecutionListeners is not present for class [com.example.gccoffee.Service.ProductServiceImplTest]: using defaults.
10:50:38.804 [Test worker] INFO org.springframework.boot.test.context.SpringBootTestContextBootstrapper - Loaded default TestExecutionListener class names from location [META-INF/spring.factories]: [org.springframework.boot.test.autoconfigure.restdocs.RestDocsTestExecutionListener, org.springframework.boot.test.autoconfigure.web.client.MockRestServiceServerResetTestExecutionListener, org.springframework.boot.test.autoconfigure.web.servlet.MockMvcPrintOnlyOnFailureTestExecutionListener, org.springframework.boot.test.autoconfigure.web.servlet.WebDriverTestExecutionListener, org.springframework.boot.test.autoconfigure.webservices.client.MockWebServiceServerTestExecutionListener, org.springframework.boot.test.mock.mockito.MockitoTestExecutionListener, org.springframework.boot.test.mock.mockito.ResetMocksTestExecutionListener, org.springframework.test.context.web.ServletTestExecutionListener, org.springframework.test.context.support.DirtiesContextBeforeModesTestExecutionListener, org.springframework.test.context.event.ApplicationEventsTestExecutionListener, org.springframework.test.context.support.DependencyInjectionTestExecutionListener, org.springframework.test.context.support.DirtiesContextTestExecutionListener, org.springframework.test.context.transaction.TransactionalTestExecutionListener, org.springframework.test.context.jdbc.SqlScriptsTestExecutionListener, org.springframework.test.context.event.EventPublishingTestExecutionListener]
10:50:38.824 [Test worker] INFO org.springframework.boot.test.context.SpringBootTestContextBootstrapper - Using TestExecutionListeners: [org.springframework.test.context.web.ServletTestExecutionListener@c20be82, org.springframework.test.context.support.DirtiesContextBeforeModesTestExecutionListener@13c612bd, org.springframework.test.context.event.ApplicationEventsTestExecutionListener@3ef41c66, org.springframework.boot.test.mock.mockito.MockitoTestExecutionListener@6b739528, org.springframework.boot.test.autoconfigure.SpringBootDependencyInjectionTestExecutionListener@622ef26a, org.springframework.test.context.support.DirtiesContextTestExecutionListener@41de5768, org.springframework.test.context.transaction.TransactionalTestExecutionListener@5f577419, org.springframework.test.context.jdbc.SqlScriptsTestExecutionListener@28fa700e, org.springframework.test.context.event.EventPublishingTestExecutionListener@3d526ad9, org.springframework.boot.test.autoconfigure.restdocs.RestDocsTestExecutionListener@e041f0c, org.springframework.boot.test.autoconfigure.web.client.MockRestServiceServerResetTestExecutionListener@6a175569, org.springframework.boot.test.autoconfigure.web.servlet.MockMvcPrintOnlyOnFailureTestExecutionListener@11963225, org.springframework.boot.test.autoconfigure.web.servlet.WebDriverTestExecutionListener@3f3c966c, org.springframework.boot.test.autoconfigure.webservices.client.MockWebServiceServerTestExecutionListener@11ee02f8, org.springframework.boot.test.mock.mockito.ResetMocksTestExecutionListener@4102b1b1]
10:50:38.830 [Test worker] DEBUG org.springframework.test.context.support.AbstractDirtiesContextTestExecutionListener - Before test class: context [DefaultTestContext@420bc288 testClass = ProductServiceImplTest, testInstance = [null], testMethod = [null], testException = [null], mergedContextConfiguration = [WebMergedContextConfiguration@df5f5c0 testClass = ProductServiceImplTest, locations = '{}', classes = '{class com.example.gccoffee.GcCoffeeApplication}', contextInitializerClasses = '[]', activeProfiles = '{}', propertySourceLocations = '{}', propertySourceProperties = '{org.springframework.boot.test.context.SpringBootTestContextBootstrapper=true}', contextCustomizers = set[org.springframework.boot.test.autoconfigure.actuate.metrics.MetricsExportContextCustomizerFactory$DisableMetricExportContextCustomizer@a8e6492, org.springframework.boot.test.autoconfigure.properties.PropertyMappingContextCustomizer@0, org.springframework.boot.test.autoconfigure.web.servlet.WebDriverContextCustomizerFactory$Customizer@40499e4f, [ImportsContextCustomizer@308a6984 key = [@org.springframework.context.annotation.Import({org.springframework.data.jpa.repository.config.JpaAuditingRegistrar.class}), @org.springframework.boot.test.context.SpringBootTest(args={}, webEnvironment=MOCK, value={}, properties={}, classes={}), @org.springframework.test.context.BootstrapWith(org.springframework.boot.test.context.SpringBootTestContextBootstrapper.class), @org.springframework.data.jpa.repository.config.EnableJpaAuditing(auditorAwareRef="", setDates=true, modifyOnCreate=true, dateTimeProviderRef="")]], org.springframework.boot.test.context.filter.ExcludeFilterContextCustomizer@37bd68c3, org.springframework.boot.test.json.DuplicateJsonObjectContextCustomizerFactory$DuplicateJsonObjectContextCustomizer@45cff11c, org.springframework.boot.test.mock.mockito.MockitoContextCustomizer@0, org.springframework.boot.test.web.client.TestRestTemplateContextCustomizer@71b3bc45, org.springframework.boot.test.context.SpringBootTestArgs@1, org.springframework.boot.test.context.SpringBootTestWebEnvironment@791d1f8b], resourceBasePath = 'src/main/webapp', contextLoader = 'org.springframework.boot.test.context.SpringBootContextLoader', parent = [null]], attributes = map['org.springframework.test.context.web.ServletTestExecutionListener.activateListener' -> true]], class annotated with @DirtiesContext [false] with mode [null].

  .   ____          _            __ _ _
 /\\ / ___'_ __ _ _(_)_ __  __ _ \ \ \ \
( ( )\___ | '_ | '_| | '_ \/ _` | \ \ \ \
 \\/  ___)| |_)| | | | | || (_| |  ) ) ) )
  '  |____| .__|_| |_|_| |_\__, | / / / /
 =========|_|==============|___/=/_/_/_/
 :: Spring Boot ::                (v2.7.3)

2022-09-13 10:50:39.137  INFO 4002 --- [    Test worker] c.e.g.Service.ProductServiceImplTest     : Starting ProductServiceImplTest using Java 15.0.5 on igyeong-wons-MacBook-Pro.local with PID 4002 (started by kyeong in /Users/kyeong/dev/java/Grids-Circles-Clone-APIServer)
2022-09-13 10:50:39.139  INFO 4002 --- [    Test worker] c.e.g.Service.ProductServiceImplTest     : No active profile set, falling back to 1 default profile: "default"
2022-09-13 10:50:39.545  INFO 4002 --- [    Test worker] .s.d.r.c.RepositoryConfigurationDelegate : Bootstrapping Spring Data JPA repositories in DEFAULT mode.
2022-09-13 10:50:39.567  INFO 4002 --- [    Test worker] .s.d.r.c.RepositoryConfigurationDelegate : Finished Spring Data repository scanning in 19 ms. Found 2 JPA repository interfaces.
2022-09-13 10:50:39.798  INFO 4002 --- [    Test worker] o.hibernate.jpa.internal.util.LogHelper  : HHH000204: Processing PersistenceUnitInfo [name: default]
2022-09-13 10:50:39.822  INFO 4002 --- [    Test worker] org.hibernate.Version                    : HHH000412: Hibernate ORM core version 5.6.10.Final
2022-09-13 10:50:39.903  INFO 4002 --- [    Test worker] o.hibernate.annotations.common.Version   : HCANN000001: Hibernate Commons Annotations {5.1.2.Final}
2022-09-13 10:50:39.943  INFO 4002 --- [    Test worker] com.zaxxer.hikari.HikariDataSource       : HikariPool-1 - Starting...
2022-09-13 10:50:40.001  INFO 4002 --- [    Test worker] com.zaxxer.hikari.HikariDataSource       : HikariPool-1 - Start completed.
2022-09-13 10:50:40.015  INFO 4002 --- [    Test worker] org.hibernate.dialect.Dialect            : HHH000400: Using dialect: org.hibernate.dialect.H2Dialect
Hibernate: drop table if exists order_item CASCADE 
Hibernate: drop table if exists orders CASCADE 
Hibernate: drop table if exists product CASCADE 
Hibernate: create table order_item (order_item_id binary(255) not null, created_at timestamp, updated_at timestamp, count integer not null, order_price bigint not null, order_id binary(255), product_id binary(255), primary key (order_item_id))
Hibernate: create table orders (order_id binary(255) not null, created_at timestamp, updated_at timestamp, address varchar(255), email varchar(255), order_status integer, postcode varchar(255), primary key (order_id))
Hibernate: create table product (product_id binary(255) not null, created_at timestamp, updated_at timestamp, category integer, description varchar(255), price bigint not null, product_name varchar(255), quantity integer not null, primary key (product_id))
Hibernate: alter table order_item add constraint FKt4dc2r9nbvbujrljv3e23iibt foreign key (order_id) references orders
Hibernate: alter table order_item add constraint FK551losx9j75ss5d6bfsqvijna foreign key (product_id) references product
2022-09-13 10:50:40.334  INFO 4002 --- [    Test worker] o.h.e.t.j.p.i.JtaPlatformInitiator       : HHH000490: Using JtaPlatform implementation: [org.hibernate.engine.transaction.jta.platform.internal.NoJtaPlatform]
2022-09-13 10:50:40.338  INFO 4002 --- [    Test worker] j.LocalContainerEntityManagerFactoryBean : Initialized JPA EntityManagerFactory for persistence unit 'default'
2022-09-13 10:50:40.637  WARN 4002 --- [    Test worker] JpaBaseConfiguration$JpaWebConfiguration : spring.jpa.open-in-view is enabled by default. Therefore, database queries may be performed during view rendering. Explicitly configure spring.jpa.open-in-view to disable this warning
2022-09-13 10:50:40.733  INFO 4002 --- [    Test worker] o.s.b.a.w.s.WelcomePageHandlerMapping    : Adding welcome page template: index
2022-09-13 10:50:40.874  INFO 4002 --- [    Test worker] c.e.g.Service.ProductServiceImplTest     : Started ProductServiceImplTest in 1.999 seconds (JVM running for 3.052)
Hibernate: insert into product (created_at, updated_at, category, description, price, product_name, quantity, product_id) values (?, ?, ?, ?, ?, ?, ?, ?)
Hibernate: insert into product (created_at, updated_at, category, description, price, product_name, quantity, product_id) values (?, ?, ?, ?, ?, ?, ?, ?)
Hibernate: insert into product (created_at, updated_at, category, description, price, product_name, quantity, product_id) values (?, ?, ?, ?, ?, ?, ?, ?)
Hibernate: insert into product (created_at, updated_at, category, description, price, product_name, quantity, product_id) values (?, ?, ?, ?, ?, ?, ?, ?)
]]></system-out>
  <system-err><![CDATA[]]></system-err>
</testsuite>
